#
# A fatal error has been detected by the Java Runtime Environment:
#
#  SIGSEGV (0xb) at pc=0x00007f81df7865a6, pid=5822, tid=5879
#
# JRE version: OpenJDK Runtime Environment (11.0.1+13) (build 11.0.1+13-Ubuntu-3ubuntu3.18.10.1)
# Java VM: OpenJDK 64-Bit Server VM (11.0.1+13-Ubuntu-3ubuntu3.18.10.1, mixed mode, sharing, tiered, compressed oops, g1 gc, linux-amd64)
# Problematic frame:
# V  [libjvm.so+0x7f15a6]
#
# Core dump will be written. Default location: Core dumps may be processed with "/usr/share/apport/apport %p %s %c %d %P" (or dumping to /home/admin1/Documents/workspace-sts-3.9.7.RELEASE/FundDooAPIData/core.5822)
#
# If you would like to submit a bug report, please visit:
#   http://bugreport.java.com/bugreport/crash.jsp
#

---------------  S U M M A R Y ------------

Command Line: -Dfile.encoding=UTF-8 com.bridgelabz.fundoo.FundDooApiDataApplication

Host: Intel(R) Core(TM) i5-4590 CPU @ 3.30GHz, 4 cores, 7G, Ubuntu 18.10
Time: Mon Mar  4 19:13:43 2019 IST elapsed time: 15 seconds (0d 0h 0m 15s)

---------------  T H R E A D  ---------------

Current thread (0x00007f8194ae4800):  JavaThread "C2 CompilerThread1" daemon [_thread_in_native, id=5879, stack(0x00007f81c0485000,0x00007f81c0586000)]


Current CompileTask:
C2:  15331 6228   !   4       java.lang.reflect.Field::declaredAnnotations (82 bytes)

Stack: [0x00007f81c0485000,0x00007f81c0586000],  sp=0x00007f81c0581380,  free space=1008k
Native frames: (J=compiled Java code, A=aot compiled Java code, j=interpreted, Vv=VM code, C=native code)
V  [libjvm.so+0x7f15a6]
V  [libjvm.so+0x7f1c29]
V  [libjvm.so+0x547e34]
V  [libjvm.so+0x5ff2c7]
V  [libjvm.so+0x603259]
V  [libjvm.so+0x523881]
V  [libjvm.so+0x60bf97]
V  [libjvm.so+0x60d3d0]
V  [libjvm.so+0xcf81f0]
V  [libjvm.so+0xcf84e0]
V  [libjvm.so+0xb65750]


siginfo: si_signo: 11 (SIGSEGV), si_code: 1 (SEGV_MAPERR), si_addr: 0x00007f836e143fa0

Register to memory mapping:

RAX=0x00007f817cd21500 points into unknown readable memory
RBX=0x00007f81c0581a20 is pointing into the stack for thread: 0x00007f8194ae4800
RCX=0x000000007c508aa8 is an unknown value
RDX=0x00007f817d4613c8 points into unknown readable memory
RSP=0x00007f81c0581380 is pointing into the stack for thread: 0x00007f8194ae4800
RBP=0x00007f81c05813e0 is pointing into the stack for thread: 0x00007f8194ae4800
RSI=0x0000000000000044 is an unknown value
RDI=0x00007f817c508a50 points into unknown readable memory
R8 =0x00007f81c0581460 is pointing into the stack for thread: 0x00007f8194ae4800
R9 =0x00007f81c0581480 is pointing into the stack for thread: 0x00007f8194ae4800
R10=0x0 is NULL
R11=0x0 is NULL
R12=0x00007f81c0581560 is pointing into the stack for thread: 0x00007f8194ae4800
R13=0x00007f81c0581a20 is pointing into the stack for thread: 0x00007f8194ae4800
R14=0x00007f817d4613c8 points into unknown readable memory
R15=0x0000000000000031 is an unknown value


Registers:
RAX=0x00007f817cd21500, RBX=0x00007f81c0581a20, RCX=0x000000007c508aa8, RDX=0x00007f817d4613c8
RSP=0x00007f81c0581380, RBP=0x00007f81c05813e0, RSI=0x0000000000000044, RDI=0x00007f817c508a50
R8 =0x00007f81c0581460, R9 =0x00007f81c0581480, R10=0x0000000000000000, R11=0x0000000000000000
R12=0x00007f81c0581560, R13=0x00007f81c0581a20, R14=0x00007f817d4613c8, R15=0x0000000000000031
RIP=0x00007f81df7865a6, EFLAGS=0x0000000000010297, CSGSFS=0x002b000000000033, ERR=0x0000000000000004
  TRAPNO=0x000000000000000e

Top of Stack: (sp=0x00007f81c0581380)
0x00007f81c0581380:   00007f81952beb60 00007f81c0581460
0x00007f81c0581390:   00007f81c0581480 00007f8194e83900
0x00007f81c05813a0:   0000000000000000 000f423f0000006a
0x00007f81c05813b0:   00000000000006a4 00007f81c0581a20 

Instructions: (pc=0x00007f81df7865a6)
0x00007f81df786586:   41 39 f7 0f 83 e2 00 00 00 90 49 8b 4e 08 44 89
0x00007f81df786596:   f8 48 8b 3c c1 49 8b 85 28 01 00 00 48 63 4f 28
0x00007f81df7865a6:   8b 0c 88 85 c9 0f 84 b3 00 00 00 49 8b 45 70 89
0x00007f81df7865b6:   ce 4c 8d 04 b6 48 8b 58 20 49 c1 e0 05 4c 01 c3 


---------------  P R O C E S S  ---------------

Threads class SMR info:
_java_thread_list=0x00007f81947bedf0, length=28, elements={
0x00007f81d8109000, 0x00007f81d810b000, 0x00007f81d8110000, 0x00007f81d8112800,
0x00007f81d8114800, 0x00007f81d8116800, 0x00007f81d814d800, 0x00007f81d8156800,
0x00007f81d9580000, 0x00007f81d958f800, 0x00007f81d959d000, 0x00007f81d8fba800,
0x00007f81d9bef000, 0x00007f81d9bf0800, 0x00007f81d9bf2000, 0x00007f81d9bf3800,
0x00007f81d9bf5800, 0x00007f81d9bf8000, 0x00007f81d9bfa000, 0x00007f81d9bfc000,
0x00007f81d9bfe000, 0x00007f81d9c00000, 0x00007f81d9c02000, 0x00007f81d9c07800,
0x00007f81d9c0c800, 0x00007f81d9c0f800, 0x00007f81d8013000, 0x00007f8194ae4800
}

Java Threads: ( => current thread )
  0x00007f81d8109000 JavaThread "Reference Handler" daemon [_thread_blocked, id=5834, stack(0x00007f81dc4e5000,0x00007f81dc5e6000)]
  0x00007f81d810b000 JavaThread "Finalizer" daemon [_thread_blocked, id=5835, stack(0x00007f81dc3e4000,0x00007f81dc4e5000)]
  0x00007f81d8110000 JavaThread "Signal Dispatcher" daemon [_thread_blocked, id=5836, stack(0x00007f81dc2e3000,0x00007f81dc3e4000)]
  0x00007f81d8112800 JavaThread "C2 CompilerThread0" daemon [_thread_blocked, id=5837, stack(0x00007f81dc1e2000,0x00007f81dc2e3000)]
  0x00007f81d8114800 JavaThread "C1 CompilerThread0" daemon [_thread_blocked, id=5838, stack(0x00007f81dc0e1000,0x00007f81dc1e2000)]
  0x00007f81d8116800 JavaThread "Sweeper thread" daemon [_thread_blocked, id=5839, stack(0x00007f81c088a000,0x00007f81c098b000)]
  0x00007f81d814d800 JavaThread "Service Thread" daemon [_thread_blocked, id=5840, stack(0x00007f81c0789000,0x00007f81c088a000)]
  0x00007f81d8156800 JavaThread "Common-Cleaner" daemon [_thread_blocked, id=5842, stack(0x00007f81c0586000,0x00007f81c0687000)]
  0x00007f81d9580000 JavaThread "Catalina-utility-1" [_thread_blocked, id=5849, stack(0x00007f81c0180000,0x00007f81c0281000)]
  0x00007f81d958f800 JavaThread "container-0" [_thread_blocked, id=5850, stack(0x00007f81b028f000,0x00007f81b0390000)]
  0x00007f81d959d000 JavaThread "Abandoned connection cleanup thread" daemon [_thread_blocked, id=5851, stack(0x00007f8167aff000,0x00007f8167c00000)]
  0x00007f81d8fba800 JavaThread "HikariPool-1 housekeeper" daemon [_thread_blocked, id=5852, stack(0x00007f81677fe000,0x00007f81678ff000)]
  0x00007f81d9bef000 JavaThread "NioBlockingSelector.BlockPoller-1" daemon [_thread_in_native, id=5860, stack(0x00007f8165ffc000,0x00007f81660fd000)]
  0x00007f81d9bf0800 JavaThread "http-nio-8081-exec-1" daemon [_thread_blocked, id=5861, stack(0x00007f8165efb000,0x00007f8165ffc000)]
  0x00007f81d9bf2000 JavaThread "http-nio-8081-exec-2" daemon [_thread_blocked, id=5862, stack(0x00007f8165dfa000,0x00007f8165efb000)]
  0x00007f81d9bf3800 JavaThread "http-nio-8081-exec-3" daemon [_thread_blocked, id=5863, stack(0x00007f8165cf9000,0x00007f8165dfa000)]
  0x00007f81d9bf5800 JavaThread "http-nio-8081-exec-4" daemon [_thread_blocked, id=5864, stack(0x00007f8165bf8000,0x00007f8165cf9000)]
  0x00007f81d9bf8000 JavaThread "http-nio-8081-exec-5" daemon [_thread_blocked, id=5865, stack(0x00007f8165af7000,0x00007f8165bf8000)]
  0x00007f81d9bfa000 JavaThread "http-nio-8081-exec-6" daemon [_thread_blocked, id=5866, stack(0x00007f81659f6000,0x00007f8165af7000)]
  0x00007f81d9bfc000 JavaThread "http-nio-8081-exec-7" daemon [_thread_blocked, id=5867, stack(0x00007f81658f5000,0x00007f81659f6000)]
  0x00007f81d9bfe000 JavaThread "http-nio-8081-exec-8" daemon [_thread_blocked, id=5868, stack(0x00007f81657f4000,0x00007f81658f5000)]
  0x00007f81d9c00000 JavaThread "http-nio-8081-exec-9" daemon [_thread_blocked, id=5869, stack(0x00007f81656f3000,0x00007f81657f4000)]
  0x00007f81d9c02000 JavaThread "http-nio-8081-exec-10" daemon [_thread_blocked, id=5870, stack(0x00007f81655f2000,0x00007f81656f3000)]
  0x00007f81d9c07800 JavaThread "http-nio-8081-ClientPoller-0" daemon [_thread_in_native, id=5871, stack(0x00007f81654f1000,0x00007f81655f2000)]
  0x00007f81d9c0c800 JavaThread "http-nio-8081-ClientPoller-1" daemon [_thread_in_native, id=5872, stack(0x00007f81653f0000,0x00007f81654f1000)]
  0x00007f81d9c0f800 JavaThread "http-nio-8081-Acceptor-0" daemon [_thread_in_native, id=5873, stack(0x00007f81652ef000,0x00007f81653f0000)]
  0x00007f81d8013000 JavaThread "DestroyJavaVM" [_thread_blocked, id=5826, stack(0x00007f81deb63000,0x00007f81dec64000)]
=>0x00007f8194ae4800 JavaThread "C2 CompilerThread1" daemon [_thread_in_native, id=5879, stack(0x00007f81c0485000,0x00007f81c0586000)]

Other Threads:
  0x00007f81d8106000 VMThread "VM Thread" [stack: 0x00007f81dc5e8000,0x00007f81dc6e8000] [id=5833]
  0x00007f81d8150800 WatcherThread [stack: 0x00007f81c0689000,0x00007f81c0789000] [id=5841]
  0x00007f81d8028800 GCTaskThread "GC Thread#0" [stack: 0x00007f81de816000,0x00007f81de916000] [id=5828]
  0x00007f81a4001000 GCTaskThread "GC Thread#1" [stack: 0x00007f81c0385000,0x00007f81c0485000] [id=5844]
  0x00007f81a4002800 GCTaskThread "GC Thread#2" [stack: 0x00007f81c0283000,0x00007f81c0383000] [id=5845]
  0x00007f81a4005000 GCTaskThread "GC Thread#3" [stack: 0x00007f81c0080000,0x00007f81c0180000] [id=5847]
  0x00007f81d8059800 ConcurrentGCThread "G1 Main Marker" [stack: 0x00007f81dd73a000,0x00007f81dd83a000] [id=5829]
  0x00007f81d805b800 ConcurrentGCThread "G1 Conc#0" [stack: 0x00007f81dd638000,0x00007f81dd738000] [id=5830]
  0x00007f81d80d3800 ConcurrentGCThread "G1 Refine#0" [stack: 0x00007f81dd132000,0x00007f81dd232000] [id=5831]
  0x00007f81d80d5800 ConcurrentGCThread "G1 Young RemSet Sampling" [stack: 0x00007f81dd030000,0x00007f81dd130000] [id=5832]

Threads with active compile tasks:
C2 CompilerThread16228   !   4       java.lang.reflect.Field::declaredAnnotations (82 bytes)

VM state:not at safepoint (normal execution)

VM Mutex/Monitor currently owned by a thread: None

Heap address: 0x0000000084800000, size: 1976 MB, Compressed Oops mode: 32-bit
Narrow klass base: 0x0000000800000000, Narrow klass shift: 3
Compressed class space size: 1073741824 Address: 0x0000000840000000

Heap:
 garbage-first heap   total 239616K, used 137689K [0x0000000084800000, 0x0000000100000000)
  region size 1024K, 113 young (115712K), 6 survivors (6144K)
 Metaspace       used 64186K, capacity 65732K, committed 66040K, reserved 1105920K
  class space    used 8581K, capacity 9186K, committed 9292K, reserved 1048576K
Heap Regions: E=young(eden), S=young(survivor), O=old, HS=humongous(starts), HC=humongous(continues), CS=collection set, F=free, A=archive, TAMS=top-at-mark-start (previous, next)
|   0|0x0000000084800000, 0x0000000084900000, 0x0000000084900000|100%|HS|  |TAMS 0x0000000084900000, 0x0000000084800000| Complete 
|   1|0x0000000084900000, 0x0000000084a00000, 0x0000000084a00000|100%| O|  |TAMS 0x0000000084a00000, 0x0000000084900000| Untracked 
|   2|0x0000000084a00000, 0x0000000084b00000, 0x0000000084b00000|100%| O|  |TAMS 0x0000000084b00000, 0x0000000084a00000| Untracked 
|   3|0x0000000084b00000, 0x0000000084c00000, 0x0000000084c00000|100%| O|  |TAMS 0x0000000084c00000, 0x0000000084b00000| Untracked 
|   4|0x0000000084c00000, 0x0000000084d00000, 0x0000000084d00000|100%| O|  |TAMS 0x0000000084d00000, 0x0000000084c00000| Untracked 
|   5|0x0000000084d00000, 0x0000000084e00000, 0x0000000084e00000|100%| O|  |TAMS 0x0000000084e00000, 0x0000000084d00000| Untracked 
|   6|0x0000000084e00000, 0x0000000084f00000, 0x0000000084f00000|100%| O|  |TAMS 0x0000000084f00000, 0x0000000084e00000| Untracked 
|   7|0x0000000084f00000, 0x0000000085000000, 0x0000000085000000|100%| O|  |TAMS 0x0000000085000000, 0x0000000084f00000| Untracked 
|   8|0x0000000085000000, 0x0000000085100000, 0x0000000085100000|100%| O|  |TAMS 0x0000000085100000, 0x0000000085000000| Untracked 
|   9|0x0000000085100000, 0x0000000085200000, 0x0000000085200000|100%| O|  |TAMS 0x0000000085200000, 0x0000000085100000| Untracked 
|  10|0x0000000085200000, 0x0000000085300000, 0x0000000085300000|100%| O|  |TAMS 0x0000000085300000, 0x0000000085200000| Untracked 
|  11|0x0000000085300000, 0x0000000085400000, 0x0000000085400000|100%| O|  |TAMS 0x0000000085400000, 0x0000000085300000| Untracked 
|  12|0x0000000085400000, 0x0000000085500000, 0x0000000085500000|100%| O|  |TAMS 0x0000000085500000, 0x0000000085400000| Untracked 
|  13|0x0000000085500000, 0x0000000085600000, 0x0000000085600000|100%| O|  |TAMS 0x0000000085600000, 0x0000000085500000| Untracked 
|  14|0x0000000085600000, 0x0000000085700000, 0x0000000085700000|100%| O|  |TAMS 0x0000000085700000, 0x0000000085600000| Untracked 
|  15|0x0000000085700000, 0x0000000085800000, 0x0000000085800000|100%| O|  |TAMS 0x0000000085800000, 0x0000000085700000| Untracked 
|  16|0x0000000085800000, 0x0000000085900000, 0x0000000085900000|100%| O|  |TAMS 0x0000000085900000, 0x0000000085800000| Untracked 
|  17|0x0000000085900000, 0x0000000085a00000, 0x0000000085a00000|100%| O|  |TAMS 0x0000000085a00000, 0x0000000085900000| Untracked 
|  18|0x0000000085a00000, 0x0000000085b00000, 0x0000000085b00000|100%| O|  |TAMS 0x0000000085b00000, 0x0000000085a00000| Untracked 
|  19|0x0000000085b00000, 0x0000000085c00000, 0x0000000085c00000|100%| O|  |TAMS 0x0000000085c00000, 0x0000000085b00000| Untracked 
|  20|0x0000000085c00000, 0x0000000085d00000, 0x0000000085d00000|100%| O|  |TAMS 0x0000000085d00000, 0x0000000085c00000| Untracked 
|  21|0x0000000085d00000, 0x0000000085e00000, 0x0000000085e00000|100%| O|  |TAMS 0x0000000085e00000, 0x0000000085d00000| Untracked 
|  22|0x0000000085e00000, 0x0000000085e8e000, 0x0000000085f00000| 55%| O|  |TAMS 0x0000000085e8e000, 0x0000000085e00000| Untracked 
|  23|0x0000000085f00000, 0x0000000085f00000, 0x0000000086000000|  0%| F|  |TAMS 0x0000000085f00000, 0x0000000085f00000| Untracked 
|  24|0x0000000086000000, 0x0000000086000000, 0x0000000086100000|  0%| F|  |TAMS 0x0000000086000000, 0x0000000086000000| Untracked 
|  25|0x0000000086100000, 0x0000000086100000, 0x0000000086200000|  0%| F|  |TAMS 0x0000000086100000, 0x0000000086100000| Untracked 
|  26|0x0000000086200000, 0x0000000086200000, 0x0000000086300000|  0%| F|  |TAMS 0x0000000086200000, 0x0000000086200000| Untracked 
|  27|0x0000000086300000, 0x0000000086300000, 0x0000000086400000|  0%| F|  |TAMS 0x0000000086300000, 0x0000000086300000| Untracked 
|  28|0x0000000086400000, 0x0000000086400000, 0x0000000086500000|  0%| F|  |TAMS 0x0000000086400000, 0x0000000086400000| Untracked 
|  29|0x0000000086500000, 0x0000000086500000, 0x0000000086600000|  0%| F|  |TAMS 0x0000000086500000, 0x0000000086500000| Untracked 
|  30|0x0000000086600000, 0x0000000086600000, 0x0000000086700000|  0%| F|  |TAMS 0x0000000086600000, 0x0000000086600000| Untracked 
|  31|0x0000000086700000, 0x0000000086700000, 0x0000000086800000|  0%| F|  |TAMS 0x0000000086700000, 0x0000000086700000| Untracked 
|  32|0x0000000086800000, 0x0000000086800000, 0x0000000086900000|  0%| F|  |TAMS 0x0000000086800000, 0x0000000086800000| Untracked 
|  33|0x0000000086900000, 0x0000000086900000, 0x0000000086a00000|  0%| F|  |TAMS 0x0000000086900000, 0x0000000086900000| Untracked 
|  34|0x0000000086a00000, 0x0000000086a00000, 0x0000000086b00000|  0%| F|  |TAMS 0x0000000086a00000, 0x0000000086a00000| Untracked 
|  35|0x0000000086b00000, 0x0000000086b00000, 0x0000000086c00000|  0%| F|  |TAMS 0x0000000086b00000, 0x0000000086b00000| Untracked 
|  36|0x0000000086c00000, 0x0000000086c00000, 0x0000000086d00000|  0%| F|  |TAMS 0x0000000086c00000, 0x0000000086c00000| Untracked 
|  37|0x0000000086d00000, 0x0000000086d00000, 0x0000000086e00000|  0%| F|  |TAMS 0x0000000086d00000, 0x0000000086d00000| Untracked 
|  38|0x0000000086e00000, 0x0000000086e00000, 0x0000000086f00000|  0%| F|  |TAMS 0x0000000086e00000, 0x0000000086e00000| Untracked 
|  39|0x0000000086f00000, 0x0000000086f00000, 0x0000000087000000|  0%| F|  |TAMS 0x0000000086f00000, 0x0000000086f00000| Untracked 
|  40|0x0000000087000000, 0x0000000087000000, 0x0000000087100000|  0%| F|  |TAMS 0x0000000087000000, 0x0000000087000000| Untracked 
|  41|0x0000000087100000, 0x0000000087100000, 0x0000000087200000|  0%| F|  |TAMS 0x0000000087100000, 0x0000000087100000| Untracked 
|  42|0x0000000087200000, 0x0000000087200000, 0x0000000087300000|  0%| F|  |TAMS 0x0000000087200000, 0x0000000087200000| Untracked 
|  43|0x0000000087300000, 0x0000000087300000, 0x0000000087400000|  0%| F|  |TAMS 0x0000000087300000, 0x0000000087300000| Untracked 
|  44|0x0000000087400000, 0x0000000087400000, 0x0000000087500000|  0%| F|  |TAMS 0x0000000087400000, 0x0000000087400000| Untracked 
|  45|0x0000000087500000, 0x0000000087500000, 0x0000000087600000|  0%| F|  |TAMS 0x0000000087500000, 0x0000000087500000| Untracked 
|  46|0x0000000087600000, 0x0000000087600000, 0x0000000087700000|  0%| F|  |TAMS 0x0000000087600000, 0x0000000087600000| Untracked 
|  47|0x0000000087700000, 0x0000000087700000, 0x0000000087800000|  0%| F|  |TAMS 0x0000000087700000, 0x0000000087700000| Untracked 
|  48|0x0000000087800000, 0x0000000087800000, 0x0000000087900000|  0%| F|  |TAMS 0x0000000087800000, 0x0000000087800000| Untracked 
|  49|0x0000000087900000, 0x0000000087900000, 0x0000000087a00000|  0%| F|  |TAMS 0x0000000087900000, 0x0000000087900000| Untracked 
|  50|0x0000000087a00000, 0x0000000087a00000, 0x0000000087b00000|  0%| F|  |TAMS 0x0000000087a00000, 0x0000000087a00000| Untracked 
|  51|0x0000000087b00000, 0x0000000087b00000, 0x0000000087c00000|  0%| F|  |TAMS 0x0000000087b00000, 0x0000000087b00000| Untracked 
|  52|0x0000000087c00000, 0x0000000087c00000, 0x0000000087d00000|  0%| F|  |TAMS 0x0000000087c00000, 0x0000000087c00000| Untracked 
|  53|0x0000000087d00000, 0x0000000087d00000, 0x0000000087e00000|  0%| F|  |TAMS 0x0000000087d00000, 0x0000000087d00000| Untracked 
|  54|0x0000000087e00000, 0x0000000087e00000, 0x0000000087f00000|  0%| F|  |TAMS 0x0000000087e00000, 0x0000000087e00000| Untracked 
|  55|0x0000000087f00000, 0x0000000087f00000, 0x0000000088000000|  0%| F|  |TAMS 0x0000000087f00000, 0x0000000087f00000| Untracked 
|  56|0x0000000088000000, 0x0000000088000000, 0x0000000088100000|  0%| F|  |TAMS 0x0000000088000000, 0x0000000088000000| Untracked 
|  57|0x0000000088100000, 0x0000000088100000, 0x0000000088200000|  0%| F|  |TAMS 0x0000000088100000, 0x0000000088100000| Untracked 
|  58|0x0000000088200000, 0x0000000088200000, 0x0000000088300000|  0%| F|  |TAMS 0x0000000088200000, 0x0000000088200000| Untracked 
|  59|0x0000000088300000, 0x0000000088300000, 0x0000000088400000|  0%| F|  |TAMS 0x0000000088300000, 0x0000000088300000| Untracked 
|  60|0x0000000088400000, 0x0000000088400000, 0x0000000088500000|  0%| F|  |TAMS 0x0000000088400000, 0x0000000088400000| Untracked 
|  61|0x0000000088500000, 0x0000000088500000, 0x0000000088600000|  0%| F|  |TAMS 0x0000000088500000, 0x0000000088500000| Untracked 
|  62|0x0000000088600000, 0x0000000088600000, 0x0000000088700000|  0%| F|  |TAMS 0x0000000088600000, 0x0000000088600000| Untracked 
|  63|0x0000000088700000, 0x0000000088700000, 0x0000000088800000|  0%| F|  |TAMS 0x0000000088700000, 0x0000000088700000| Untracked 
|  64|0x0000000088800000, 0x0000000088800000, 0x0000000088900000|  0%| F|  |TAMS 0x0000000088800000, 0x0000000088800000| Untracked 
|  65|0x0000000088900000, 0x0000000088900000, 0x0000000088a00000|  0%| F|  |TAMS 0x0000000088900000, 0x0000000088900000| Untracked 
|  66|0x0000000088a00000, 0x0000000088a00000, 0x0000000088b00000|  0%| F|  |TAMS 0x0000000088a00000, 0x0000000088a00000| Untracked 
|  67|0x0000000088b00000, 0x0000000088b00000, 0x0000000088c00000|  0%| F|  |TAMS 0x0000000088b00000, 0x0000000088b00000| Untracked 
|  68|0x0000000088c00000, 0x0000000088c00000, 0x0000000088d00000|  0%| F|  |TAMS 0x0000000088c00000, 0x0000000088c00000| Untracked 
|  69|0x0000000088d00000, 0x0000000088d00000, 0x0000000088e00000|  0%| F|  |TAMS 0x0000000088d00000, 0x0000000088d00000| Untracked 
|  70|0x0000000088e00000, 0x0000000088e00000, 0x0000000088f00000|  0%| F|  |TAMS 0x0000000088e00000, 0x0000000088e00000| Untracked 
|  71|0x0000000088f00000, 0x0000000088f00000, 0x0000000089000000|  0%| F|  |TAMS 0x0000000088f00000, 0x0000000088f00000| Untracked 
|  72|0x0000000089000000, 0x0000000089000000, 0x0000000089100000|  0%| F|  |TAMS 0x0000000089000000, 0x0000000089000000| Untracked 
|  73|0x0000000089100000, 0x0000000089100000, 0x0000000089200000|  0%| F|  |TAMS 0x0000000089100000, 0x0000000089100000| Untracked 
|  74|0x0000000089200000, 0x0000000089200000, 0x0000000089300000|  0%| F|  |TAMS 0x0000000089200000, 0x0000000089200000| Untracked 
|  75|0x0000000089300000, 0x0000000089300000, 0x0000000089400000|  0%| F|  |TAMS 0x0000000089300000, 0x0000000089300000| Untracked 
|  76|0x0000000089400000, 0x0000000089400000, 0x0000000089500000|  0%| F|  |TAMS 0x0000000089400000, 0x0000000089400000| Untracked 
|  77|0x0000000089500000, 0x0000000089500000, 0x0000000089600000|  0%| F|  |TAMS 0x0000000089500000, 0x0000000089500000| Untracked 
|  78|0x0000000089600000, 0x0000000089600000, 0x0000000089700000|  0%| F|  |TAMS 0x0000000089600000, 0x0000000089600000| Untracked 
|  79|0x0000000089700000, 0x0000000089700000, 0x0000000089800000|  0%| F|  |TAMS 0x0000000089700000, 0x0000000089700000| Untracked 
|  80|0x0000000089800000, 0x0000000089800000, 0x0000000089900000|  0%| F|  |TAMS 0x0000000089800000, 0x0000000089800000| Untracked 
|  81|0x0000000089900000, 0x0000000089900000, 0x0000000089a00000|  0%| F|  |TAMS 0x0000000089900000, 0x0000000089900000| Untracked 
|  82|0x0000000089a00000, 0x0000000089a00000, 0x0000000089b00000|  0%| F|  |TAMS 0x0000000089a00000, 0x0000000089a00000| Untracked 
|  83|0x0000000089b00000, 0x0000000089b00000, 0x0000000089c00000|  0%| F|  |TAMS 0x0000000089b00000, 0x0000000089b00000| Untracked 
|  84|0x0000000089c00000, 0x0000000089c4a4e0, 0x0000000089d00000| 29%| S|CS|TAMS 0x0000000089c00000, 0x0000000089c00000| Complete 
|  85|0x0000000089d00000, 0x0000000089e00000, 0x0000000089e00000|100%| S|CS|TAMS 0x0000000089d00000, 0x0000000089d00000| Complete 
|  86|0x0000000089e00000, 0x0000000089f00000, 0x0000000089f00000|100%| S|CS|TAMS 0x0000000089e00000, 0x0000000089e00000| Complete 
|  87|0x0000000089f00000, 0x000000008a000000, 0x000000008a000000|100%| S|CS|TAMS 0x0000000089f00000, 0x0000000089f00000| Complete 
|  88|0x000000008a000000, 0x000000008a100000, 0x000000008a100000|100%| S|CS|TAMS 0x000000008a000000, 0x000000008a000000| Complete 
|  89|0x000000008a100000, 0x000000008a200000, 0x000000008a200000|100%| S|CS|TAMS 0x000000008a100000, 0x000000008a100000| Complete 
|  90|0x000000008a200000, 0x000000008a200000, 0x000000008a300000|  0%| F|  |TAMS 0x000000008a200000, 0x000000008a200000| Untracked 
|  91|0x000000008a300000, 0x000000008a300000, 0x000000008a400000|  0%| F|  |TAMS 0x000000008a300000, 0x000000008a300000| Untracked 
|  92|0x000000008a400000, 0x000000008a400000, 0x000000008a500000|  0%| F|  |TAMS 0x000000008a400000, 0x000000008a400000| Untracked 
|  93|0x000000008a500000, 0x000000008a500000, 0x000000008a600000|  0%| F|  |TAMS 0x000000008a500000, 0x000000008a500000| Untracked 
|  94|0x000000008a600000, 0x000000008a600000, 0x000000008a700000|  0%| F|  |TAMS 0x000000008a600000, 0x000000008a600000| Untracked 
|  95|0x000000008a700000, 0x000000008a700000, 0x000000008a800000|  0%| F|  |TAMS 0x000000008a700000, 0x000000008a700000| Untracked 
|  96|0x000000008a800000, 0x000000008a800000, 0x000000008a900000|  0%| F|  |TAMS 0x000000008a800000, 0x000000008a800000| Untracked 
|  97|0x000000008a900000, 0x000000008a900000, 0x000000008aa00000|  0%| F|  |TAMS 0x000000008a900000, 0x000000008a900000| Untracked 
|  98|0x000000008aa00000, 0x000000008aa00000, 0x000000008ab00000|  0%| F|  |TAMS 0x000000008aa00000, 0x000000008aa00000| Untracked 
|  99|0x000000008ab00000, 0x000000008ab00000, 0x000000008ac00000|  0%| F|  |TAMS 0x000000008ab00000, 0x000000008ab00000| Untracked 
| 100|0x000000008ac00000, 0x000000008ac00000, 0x000000008ad00000|  0%| F|  |TAMS 0x000000008ac00000, 0x000000008ac00000| Untracked 
| 101|0x000000008ad00000, 0x000000008ad00000, 0x000000008ae00000|  0%| F|  |TAMS 0x000000008ad00000, 0x000000008ad00000| Untracked 
| 102|0x000000008ae00000, 0x000000008ae00000, 0x000000008af00000|  0%| F|  |TAMS 0x000000008ae00000, 0x000000008ae00000| Untracked 
| 103|0x000000008af00000, 0x000000008af00000, 0x000000008b000000|  0%| F|  |TAMS 0x000000008af00000, 0x000000008af00000| Untracked 
| 104|0x000000008b000000, 0x000000008b000000, 0x000000008b100000|  0%| F|  |TAMS 0x000000008b000000, 0x000000008b000000| Untracked 
| 105|0x000000008b100000, 0x000000008b100000, 0x000000008b200000|  0%| F|  |TAMS 0x000000008b100000, 0x000000008b100000| Untracked 
| 106|0x000000008b200000, 0x000000008b200000, 0x000000008b300000|  0%| F|  |TAMS 0x000000008b200000, 0x000000008b200000| Untracked 
| 107|0x000000008b300000, 0x000000008b300000, 0x000000008b400000|  0%| F|  |TAMS 0x000000008b300000, 0x000000008b300000| Untracked 
| 108|0x000000008b400000, 0x000000008b400000, 0x000000008b500000|  0%| F|  |TAMS 0x000000008b400000, 0x000000008b400000| Untracked 
| 109|0x000000008b500000, 0x000000008b500000, 0x000000008b600000|  0%| F|  |TAMS 0x000000008b500000, 0x000000008b500000| Untracked 
| 110|0x000000008b600000, 0x000000008b600000, 0x000000008b700000|  0%| F|  |TAMS 0x000000008b600000, 0x000000008b600000| Untracked 
| 111|0x000000008b700000, 0x000000008b700000, 0x000000008b800000|  0%| F|  |TAMS 0x000000008b700000, 0x000000008b700000| Untracked 
| 112|0x000000008b800000, 0x000000008b800000, 0x000000008b900000|  0%| F|  |TAMS 0x000000008b800000, 0x000000008b800000| Untracked 
| 113|0x000000008b900000, 0x000000008b900000, 0x000000008ba00000|  0%| F|  |TAMS 0x000000008b900000, 0x000000008b900000| Untracked 
| 114|0x000000008ba00000, 0x000000008ba00000, 0x000000008bb00000|  0%| F|  |TAMS 0x000000008ba00000, 0x000000008ba00000| Untracked 
| 115|0x000000008bb00000, 0x000000008bb00000, 0x000000008bc00000|  0%| F|  |TAMS 0x000000008bb00000, 0x000000008bb00000| Untracked 
| 116|0x000000008bc00000, 0x000000008bc00000, 0x000000008bd00000|  0%| F|  |TAMS 0x000000008bc00000, 0x000000008bc00000| Untracked 
| 117|0x000000008bd00000, 0x000000008bd00000, 0x000000008be00000|  0%| F|  |TAMS 0x000000008bd00000, 0x000000008bd00000| Untracked 
| 118|0x000000008be00000, 0x000000008be00000, 0x000000008bf00000|  0%| F|  |TAMS 0x000000008be00000, 0x000000008be00000| Untracked 
| 119|0x000000008bf00000, 0x000000008bf00000, 0x000000008c000000|  0%| F|  |TAMS 0x000000008bf00000, 0x000000008bf00000| Untracked 
| 120|0x000000008c000000, 0x000000008c000000, 0x000000008c100000|  0%| F|  |TAMS 0x000000008c000000, 0x000000008c000000| Untracked 
| 121|0x000000008c100000, 0x000000008c100000, 0x000000008c200000|  0%| F|  |TAMS 0x000000008c100000, 0x000000008c100000| Untracked 
| 122|0x000000008c200000, 0x000000008c200000, 0x000000008c300000|  0%| F|  |TAMS 0x000000008c200000, 0x000000008c200000| Untracked 
| 123|0x000000008c300000, 0x000000008c300000, 0x000000008c400000|  0%| F|  |TAMS 0x000000008c300000, 0x000000008c300000| Untracked 
| 124|0x000000008c400000, 0x000000008c400000, 0x000000008c500000|  0%| F|  |TAMS 0x000000008c400000, 0x000000008c400000| Untracked 
| 125|0x000000008c500000, 0x000000008c600000, 0x000000008c600000|100%| E|  |TAMS 0x000000008c500000, 0x000000008c500000| Complete 
| 126|0x000000008c600000, 0x000000008c700000, 0x000000008c700000|100%| E|CS|TAMS 0x000000008c600000, 0x000000008c600000| Complete 
| 127|0x000000008c700000, 0x000000008c800000, 0x000000008c800000|100%| E|CS|TAMS 0x000000008c700000, 0x000000008c700000| Complete 
| 128|0x000000008c800000, 0x000000008c900000, 0x000000008c900000|100%| E|CS|TAMS 0x000000008c800000, 0x000000008c800000| Complete 
| 129|0x000000008c900000, 0x000000008ca00000, 0x000000008ca00000|100%| E|CS|TAMS 0x000000008c900000, 0x000000008c900000| Complete 
| 130|0x000000008ca00000, 0x000000008cb00000, 0x000000008cb00000|100%| E|CS|TAMS 0x000000008ca00000, 0x000000008ca00000| Complete 
| 131|0x000000008cb00000, 0x000000008cc00000, 0x000000008cc00000|100%| E|CS|TAMS 0x000000008cb00000, 0x000000008cb00000| Complete 
| 132|0x000000008cc00000, 0x000000008cd00000, 0x000000008cd00000|100%| E|CS|TAMS 0x000000008cc00000, 0x000000008cc00000| Complete 
| 133|0x000000008cd00000, 0x000000008ce00000, 0x000000008ce00000|100%| E|CS|TAMS 0x000000008cd00000, 0x000000008cd00000| Complete 
| 134|0x000000008ce00000, 0x000000008cf00000, 0x000000008cf00000|100%| E|CS|TAMS 0x000000008ce00000, 0x000000008ce00000| Complete 
| 135|0x000000008cf00000, 0x000000008d000000, 0x000000008d000000|100%| E|CS|TAMS 0x000000008cf00000, 0x000000008cf00000| Complete 
| 136|0x000000008d000000, 0x000000008d100000, 0x000000008d100000|100%| E|CS|TAMS 0x000000008d000000, 0x000000008d000000| Complete 
| 137|0x000000008d100000, 0x000000008d200000, 0x000000008d200000|100%| E|CS|TAMS 0x000000008d100000, 0x000000008d100000| Complete 
| 138|0x000000008d200000, 0x000000008d300000, 0x000000008d300000|100%| E|CS|TAMS 0x000000008d200000, 0x000000008d200000| Complete 
| 139|0x000000008d300000, 0x000000008d400000, 0x000000008d400000|100%| E|CS|TAMS 0x000000008d300000, 0x000000008d300000| Complete 
| 140|0x000000008d400000, 0x000000008d500000, 0x000000008d500000|100%| E|CS|TAMS 0x000000008d400000, 0x000000008d400000| Complete 
| 141|0x000000008d500000, 0x000000008d600000, 0x000000008d600000|100%| E|CS|TAMS 0x000000008d500000, 0x000000008d500000| Complete 
| 142|0x000000008d600000, 0x000000008d700000, 0x000000008d700000|100%| E|CS|TAMS 0x000000008d600000, 0x000000008d600000| Complete 
| 143|0x000000008d700000, 0x000000008d800000, 0x000000008d800000|100%| E|CS|TAMS 0x000000008d700000, 0x000000008d700000| Complete 
| 144|0x000000008d800000, 0x000000008d900000, 0x000000008d900000|100%| E|CS|TAMS 0x000000008d800000, 0x000000008d800000| Complete 
| 145|0x000000008d900000, 0x000000008da00000, 0x000000008da00000|100%| E|CS|TAMS 0x000000008d900000, 0x000000008d900000| Complete 
| 146|0x000000008da00000, 0x000000008db00000, 0x000000008db00000|100%| E|CS|TAMS 0x000000008da00000, 0x000000008da00000| Complete 
| 147|0x000000008db00000, 0x000000008dc00000, 0x000000008dc00000|100%| E|CS|TAMS 0x000000008db00000, 0x000000008db00000| Complete 
| 148|0x000000008dc00000, 0x000000008dd00000, 0x000000008dd00000|100%| E|CS|TAMS 0x000000008dc00000, 0x000000008dc00000| Complete 
| 149|0x000000008dd00000, 0x000000008de00000, 0x000000008de00000|100%| E|CS|TAMS 0x000000008dd00000, 0x000000008dd00000| Complete 
| 150|0x000000008de00000, 0x000000008df00000, 0x000000008df00000|100%| E|CS|TAMS 0x000000008de00000, 0x000000008de00000| Complete 
| 151|0x000000008df00000, 0x000000008e000000, 0x000000008e000000|100%| E|CS|TAMS 0x000000008df00000, 0x000000008df00000| Complete 
| 152|0x000000008e000000, 0x000000008e100000, 0x000000008e100000|100%| E|CS|TAMS 0x000000008e000000, 0x000000008e000000| Complete 
| 153|0x000000008e100000, 0x000000008e200000, 0x000000008e200000|100%| E|CS|TAMS 0x000000008e100000, 0x000000008e100000| Complete 
| 154|0x000000008e200000, 0x000000008e300000, 0x000000008e300000|100%| E|CS|TAMS 0x000000008e200000, 0x000000008e200000| Complete 
| 155|0x000000008e300000, 0x000000008e400000, 0x000000008e400000|100%| E|CS|TAMS 0x000000008e300000, 0x000000008e300000| Complete 
| 156|0x000000008e400000, 0x000000008e500000, 0x000000008e500000|100%| E|CS|TAMS 0x000000008e400000, 0x000000008e400000| Complete 
| 157|0x000000008e500000, 0x000000008e600000, 0x000000008e600000|100%| E|CS|TAMS 0x000000008e500000, 0x000000008e500000| Complete 
| 158|0x000000008e600000, 0x000000008e700000, 0x000000008e700000|100%| E|CS|TAMS 0x000000008e600000, 0x000000008e600000| Complete 
| 159|0x000000008e700000, 0x000000008e800000, 0x000000008e800000|100%| E|CS|TAMS 0x000000008e700000, 0x000000008e700000| Complete 
| 160|0x000000008e800000, 0x000000008e900000, 0x000000008e900000|100%| E|CS|TAMS 0x000000008e800000, 0x000000008e800000| Complete 
| 161|0x000000008e900000, 0x000000008ea00000, 0x000000008ea00000|100%| E|CS|TAMS 0x000000008e900000, 0x000000008e900000| Complete 
| 162|0x000000008ea00000, 0x000000008eb00000, 0x000000008eb00000|100%| E|CS|TAMS 0x000000008ea00000, 0x000000008ea00000| Complete 
| 163|0x000000008eb00000, 0x000000008ec00000, 0x000000008ec00000|100%| E|CS|TAMS 0x000000008eb00000, 0x000000008eb00000| Complete 
| 164|0x000000008ec00000, 0x000000008ed00000, 0x000000008ed00000|100%| E|CS|TAMS 0x000000008ec00000, 0x000000008ec00000| Complete 
| 165|0x000000008ed00000, 0x000000008ee00000, 0x000000008ee00000|100%| E|CS|TAMS 0x000000008ed00000, 0x000000008ed00000| Complete 
| 166|0x000000008ee00000, 0x000000008ef00000, 0x000000008ef00000|100%| E|CS|TAMS 0x000000008ee00000, 0x000000008ee00000| Complete 
| 167|0x000000008ef00000, 0x000000008f000000, 0x000000008f000000|100%| E|CS|TAMS 0x000000008ef00000, 0x000000008ef00000| Complete 
| 168|0x000000008f000000, 0x000000008f100000, 0x000000008f100000|100%| E|CS|TAMS 0x000000008f000000, 0x000000008f000000| Complete 
| 169|0x000000008f100000, 0x000000008f200000, 0x000000008f200000|100%| E|CS|TAMS 0x000000008f100000, 0x000000008f100000| Complete 
| 170|0x000000008f200000, 0x000000008f300000, 0x000000008f300000|100%| E|CS|TAMS 0x000000008f200000, 0x000000008f200000| Complete 
| 171|0x000000008f300000, 0x000000008f400000, 0x000000008f400000|100%| E|CS|TAMS 0x000000008f300000, 0x000000008f300000| Complete 
| 172|0x000000008f400000, 0x000000008f500000, 0x000000008f500000|100%| E|CS|TAMS 0x000000008f400000, 0x000000008f400000| Complete 
| 173|0x000000008f500000, 0x000000008f600000, 0x000000008f600000|100%| E|CS|TAMS 0x000000008f500000, 0x000000008f500000| Complete 
| 174|0x000000008f600000, 0x000000008f700000, 0x000000008f700000|100%| E|CS|TAMS 0x000000008f600000, 0x000000008f600000| Complete 
| 175|0x000000008f700000, 0x000000008f800000, 0x000000008f800000|100%| E|CS|TAMS 0x000000008f700000, 0x000000008f700000| Complete 
| 176|0x000000008f800000, 0x000000008f900000, 0x000000008f900000|100%| E|CS|TAMS 0x000000008f800000, 0x000000008f800000| Complete 
| 177|0x000000008f900000, 0x000000008fa00000, 0x000000008fa00000|100%| E|CS|TAMS 0x000000008f900000, 0x000000008f900000| Complete 
| 178|0x000000008fa00000, 0x000000008fb00000, 0x000000008fb00000|100%| E|CS|TAMS 0x000000008fa00000, 0x000000008fa00000| Complete 
| 179|0x000000008fb00000, 0x000000008fc00000, 0x000000008fc00000|100%| E|CS|TAMS 0x000000008fb00000, 0x000000008fb00000| Complete 
| 180|0x000000008fc00000, 0x000000008fd00000, 0x000000008fd00000|100%| E|CS|TAMS 0x000000008fc00000, 0x000000008fc00000| Complete 
| 181|0x000000008fd00000, 0x000000008fe00000, 0x000000008fe00000|100%| E|CS|TAMS 0x000000008fd00000, 0x000000008fd00000| Complete 
| 182|0x000000008fe00000, 0x000000008ff00000, 0x000000008ff00000|100%| E|CS|TAMS 0x000000008fe00000, 0x000000008fe00000| Complete 
| 183|0x000000008ff00000, 0x0000000090000000, 0x0000000090000000|100%| E|CS|TAMS 0x000000008ff00000, 0x000000008ff00000| Complete 
| 184|0x0000000090000000, 0x0000000090100000, 0x0000000090100000|100%| E|CS|TAMS 0x0000000090000000, 0x0000000090000000| Complete 
| 185|0x0000000090100000, 0x0000000090200000, 0x0000000090200000|100%| E|CS|TAMS 0x0000000090100000, 0x0000000090100000| Complete 
| 186|0x0000000090200000, 0x0000000090300000, 0x0000000090300000|100%| E|CS|TAMS 0x0000000090200000, 0x0000000090200000| Complete 
| 187|0x0000000090300000, 0x0000000090400000, 0x0000000090400000|100%| E|CS|TAMS 0x0000000090300000, 0x0000000090300000| Complete 
| 188|0x0000000090400000, 0x0000000090500000, 0x0000000090500000|100%| E|CS|TAMS 0x0000000090400000, 0x0000000090400000| Complete 
| 189|0x0000000090500000, 0x0000000090600000, 0x0000000090600000|100%| E|CS|TAMS 0x0000000090500000, 0x0000000090500000| Complete 
| 190|0x0000000090600000, 0x0000000090700000, 0x0000000090700000|100%| E|CS|TAMS 0x0000000090600000, 0x0000000090600000| Complete 
| 191|0x0000000090700000, 0x0000000090800000, 0x0000000090800000|100%| E|CS|TAMS 0x0000000090700000, 0x0000000090700000| Complete 
| 192|0x0000000090800000, 0x0000000090900000, 0x0000000090900000|100%| E|CS|TAMS 0x0000000090800000, 0x0000000090800000| Complete 
| 193|0x0000000090900000, 0x0000000090a00000, 0x0000000090a00000|100%| E|CS|TAMS 0x0000000090900000, 0x0000000090900000| Complete 
| 194|0x0000000090a00000, 0x0000000090b00000, 0x0000000090b00000|100%| E|CS|TAMS 0x0000000090a00000, 0x0000000090a00000| Complete 
| 195|0x0000000090b00000, 0x0000000090c00000, 0x0000000090c00000|100%| E|CS|TAMS 0x0000000090b00000, 0x0000000090b00000| Complete 
| 196|0x0000000090c00000, 0x0000000090d00000, 0x0000000090d00000|100%| E|CS|TAMS 0x0000000090c00000, 0x0000000090c00000| Complete 
| 197|0x0000000090d00000, 0x0000000090e00000, 0x0000000090e00000|100%| E|CS|TAMS 0x0000000090d00000, 0x0000000090d00000| Complete 
| 198|0x0000000090e00000, 0x0000000090f00000, 0x0000000090f00000|100%| E|CS|TAMS 0x0000000090e00000, 0x0000000090e00000| Complete 
| 199|0x0000000090f00000, 0x0000000091000000, 0x0000000091000000|100%| E|CS|TAMS 0x0000000090f00000, 0x0000000090f00000| Complete 
| 200|0x0000000091000000, 0x0000000091100000, 0x0000000091100000|100%| E|CS|TAMS 0x0000000091000000, 0x0000000091000000| Complete 
| 201|0x0000000091100000, 0x0000000091200000, 0x0000000091200000|100%| E|CS|TAMS 0x0000000091100000, 0x0000000091100000| Complete 
| 202|0x0000000091200000, 0x0000000091300000, 0x0000000091300000|100%| E|CS|TAMS 0x0000000091200000, 0x0000000091200000| Complete 
| 203|0x0000000091300000, 0x0000000091400000, 0x0000000091400000|100%| E|CS|TAMS 0x0000000091300000, 0x0000000091300000| Complete 
| 204|0x0000000091400000, 0x0000000091500000, 0x0000000091500000|100%| E|CS|TAMS 0x0000000091400000, 0x0000000091400000| Complete 
| 205|0x0000000091500000, 0x0000000091600000, 0x0000000091600000|100%| E|CS|TAMS 0x0000000091500000, 0x0000000091500000| Complete 
| 206|0x0000000091600000, 0x0000000091700000, 0x0000000091700000|100%| E|CS|TAMS 0x0000000091600000, 0x0000000091600000| Complete 
| 207|0x0000000091700000, 0x0000000091800000, 0x0000000091800000|100%| E|CS|TAMS 0x0000000091700000, 0x0000000091700000| Complete 
| 208|0x0000000091800000, 0x0000000091900000, 0x0000000091900000|100%| E|CS|TAMS 0x0000000091800000, 0x0000000091800000| Complete 
| 209|0x0000000091900000, 0x0000000091a00000, 0x0000000091a00000|100%| E|CS|TAMS 0x0000000091900000, 0x0000000091900000| Complete 
| 210|0x0000000091a00000, 0x0000000091b00000, 0x0000000091b00000|100%| E|CS|TAMS 0x0000000091a00000, 0x0000000091a00000| Complete 
| 211|0x0000000091b00000, 0x0000000091c00000, 0x0000000091c00000|100%| E|CS|TAMS 0x0000000091b00000, 0x0000000091b00000| Complete 
| 212|0x0000000091c00000, 0x0000000091d00000, 0x0000000091d00000|100%| E|CS|TAMS 0x0000000091c00000, 0x0000000091c00000| Complete 
| 213|0x0000000091d00000, 0x0000000091e00000, 0x0000000091e00000|100%| E|CS|TAMS 0x0000000091d00000, 0x0000000091d00000| Complete 
| 214|0x0000000091e00000, 0x0000000091f00000, 0x0000000091f00000|100%| E|CS|TAMS 0x0000000091e00000, 0x0000000091e00000| Complete 
| 215|0x0000000091f00000, 0x0000000092000000, 0x0000000092000000|100%| E|CS|TAMS 0x0000000091f00000, 0x0000000091f00000| Complete 
| 216|0x0000000092000000, 0x0000000092100000, 0x0000000092100000|100%| E|CS|TAMS 0x0000000092000000, 0x0000000092000000| Complete 
| 217|0x0000000092100000, 0x0000000092200000, 0x0000000092200000|100%| E|CS|TAMS 0x0000000092100000, 0x0000000092100000| Complete 
| 218|0x0000000092200000, 0x0000000092300000, 0x0000000092300000|100%| E|CS|TAMS 0x0000000092200000, 0x0000000092200000| Complete 
| 219|0x0000000092300000, 0x0000000092400000, 0x0000000092400000|100%| E|CS|TAMS 0x0000000092300000, 0x0000000092300000| Complete 
| 220|0x0000000092400000, 0x0000000092500000, 0x0000000092500000|100%| E|CS|TAMS 0x0000000092400000, 0x0000000092400000| Complete 
| 221|0x0000000092500000, 0x0000000092600000, 0x0000000092600000|100%| E|CS|TAMS 0x0000000092500000, 0x0000000092500000| Complete 
| 222|0x0000000092600000, 0x0000000092700000, 0x0000000092700000|100%| E|CS|TAMS 0x0000000092600000, 0x0000000092600000| Complete 
| 223|0x0000000092700000, 0x0000000092800000, 0x0000000092800000|100%| E|CS|TAMS 0x0000000092700000, 0x0000000092700000| Complete 
| 224|0x0000000092800000, 0x0000000092900000, 0x0000000092900000|100%| E|CS|TAMS 0x0000000092800000, 0x0000000092800000| Complete 
| 225|0x0000000092900000, 0x0000000092a00000, 0x0000000092a00000|100%| E|CS|TAMS 0x0000000092900000, 0x0000000092900000| Complete 
| 226|0x0000000092a00000, 0x0000000092b00000, 0x0000000092b00000|100%| E|CS|TAMS 0x0000000092a00000, 0x0000000092a00000| Complete 
| 227|0x0000000092b00000, 0x0000000092c00000, 0x0000000092c00000|100%| E|CS|TAMS 0x0000000092b00000, 0x0000000092b00000| Complete 
| 228|0x0000000092c00000, 0x0000000092d00000, 0x0000000092d00000|100%| E|CS|TAMS 0x0000000092c00000, 0x0000000092c00000| Complete 
| 229|0x0000000092d00000, 0x0000000092e00000, 0x0000000092e00000|100%| E|CS|TAMS 0x0000000092d00000, 0x0000000092d00000| Complete 
| 230|0x0000000092e00000, 0x0000000092f00000, 0x0000000092f00000|100%| E|CS|TAMS 0x0000000092e00000, 0x0000000092e00000| Complete 
| 231|0x0000000092f00000, 0x0000000093000000, 0x0000000093000000|100%| E|CS|TAMS 0x0000000092f00000, 0x0000000092f00000| Complete 
|1974|0x00000000ffe00000, 0x00000000ffe34000, 0x00000000fff00000| 20%|OA|  |TAMS 0x00000000ffe34000, 0x00000000ffe00000| Untracked 
|1975|0x00000000fff00000, 0x00000000fff6a000, 0x0000000100000000| 41%|CA|  |TAMS 0x00000000fff6a000, 0x00000000fff00000| Untracked 

Card table byte_map: [0x00007f81ddc58000,0x00007f81de034000] _byte_map_base: 0x00007f81dd834000

Marking Bits (Prev, Next): (CMBitMap*) 0x00007f81d8051240, (CMBitMap*) 0x00007f81d8051208
 Prev Bits: [0x00007f81b8240000, 0x00007f81ba120000)
 Next Bits: [0x00007f81ba120000, 0x00007f81bc000000)

Polling page: 0x00007f81e0533000

Metaspace:

Usage:
  Non-class:     55.22 MB capacity,    54.30 MB ( 98%) used,   747.38 KB (  1%) free+waste,   193.44 KB ( <1%) overhead. 
      Class:      8.97 MB capacity,     8.38 MB ( 93%) used,   514.58 KB (  6%) free+waste,    90.25 KB ( <1%) overhead. 
       Both:     64.19 MB capacity,    62.68 MB ( 98%) used,     1.23 MB (  2%) free+waste,   283.69 KB ( <1%) overhead. 

Virtual space:
  Non-class space:       56.00 MB reserved,      55.42 MB ( 99%) committed 
      Class space:        1.00 GB reserved,       9.07 MB ( <1%) committed 
             Both:        1.05 GB reserved,      64.49 MB (  6%) committed 

Chunk freelists:
   Non-Class:  0 bytes
       Class:  0 bytes
        Both:  0 bytes

CodeHeap 'non-profiled nmethods': size=120032Kb used=3815Kb max_used=3815Kb free=116216Kb
 bounds [0x00007f81c8453000, 0x00007f81c8813000, 0x00007f81cf98b000]
CodeHeap 'profiled nmethods': size=120032Kb used=14944Kb max_used=14944Kb free=105087Kb
 bounds [0x00007f81c0f1b000, 0x00007f81c1dbb000, 0x00007f81c8453000]
CodeHeap 'non-nmethods': size=5696Kb used=1253Kb max_used=1313Kb free=4442Kb
 bounds [0x00007f81c098b000, 0x00007f81c0bfb000, 0x00007f81c0f1b000]
 total_blobs=8170 nmethods=6100 adapters=540
 compilation: enabled
              stopped_count=0, restarted_count=0
 full_count=0

Compilation events (10 events):
Event: 15.160 Thread 0x00007f8194ae4800 6192       4       java.util.Collections$EmptyMap::values (4 bytes)
Event: 15.160 Thread 0x00007f8194ae4800 nmethod 6192 0x00007f81c87fa890 code [0x00007f81c87faa20, 0x00007f81c87faa98]
Event: 15.161 Thread 0x00007f8194ae4800 6209       4       java.util.Collections$EmptySet::toArray (11 bytes)
Event: 15.161 Thread 0x00007f8194ae4800 nmethod 6209 0x00007f81c87fab10 code [0x00007f81c87faca0, 0x00007f81c87fad38]
Event: 15.161 Thread 0x00007f8194ae4800 6208       4       java.lang.reflect.Method::getDeclaredAnnotations (5 bytes)
Event: 15.168 Thread 0x00007f8194ae4800 nmethod 6208 0x00007f81c87fae10 code [0x00007f81c87fb000, 0x00007f81c87fb828]
Event: 15.168 Thread 0x00007f8194ae4800 6228   !   4       java.lang.reflect.Field::declaredAnnotations (82 bytes)
Event: 15.236 Thread 0x00007f81d8112800 nmethod 6130 0x00007f81c87fbc90 code [0x00007f81c87fc5a0, 0x00007f81c8806868]
Event: 15.236 Thread 0x00007f81d8112800 6127       4       java.util.zip.ZipFile$InflaterCleanupAction::run (12 bytes)
Event: 15.240 Thread 0x00007f81d8112800 nmethod 6127 0x00007f81c880be90 code [0x00007f81c880c060, 0x00007f81c880ca88]

GC Heap History (10 events):
Event: 1.760 GC heap before
{Heap before GC invocations=4 (full 0):
 garbage-first heap   total 129024K, used 55062K [0x0000000084800000, 0x0000000100000000)
  region size 1024K, 49 young (50176K), 4 survivors (4096K)
 Metaspace       used 20395K, capacity 21034K, committed 21376K, reserved 1067008K
  class space    used 2579K, capacity 2836K, committed 2944K, reserved 1048576K
}
Event: 1.780 GC heap after
{Heap after GC invocations=5 (full 0):
 garbage-first heap   total 188416K, used 13471K [0x0000000084800000, 0x0000000100000000)
  region size 1024K, 7 young (7168K), 7 survivors (7168K)
 Metaspace       used 20395K, capacity 21034K, committed 21376K, reserved 1067008K
  class space    used 2579K, capacity 2836K, committed 2944K, reserved 1048576K
}
Event: 2.845 GC heap before
{Heap before GC invocations=6 (full 0):
 garbage-first heap   total 188416K, used 108703K [0x0000000084800000, 0x0000000100000000)
  region size 1024K, 101 young (103424K), 7 survivors (7168K)
 Metaspace       used 25911K, capacity 26761K, committed 27008K, reserved 1073152K
  class space    used 3297K, capacity 3644K, committed 3712K, reserved 1048576K
}
Event: 2.854 GC heap after
{Heap after GC invocations=7 (full 0):
 garbage-first heap   total 188416K, used 16103K [0x0000000084800000, 0x0000000100000000)
  region size 1024K, 10 young (10240K), 10 survivors (10240K)
 Metaspace       used 25911K, capacity 26761K, committed 27008K, reserved 1073152K
  class space    used 3297K, capacity 3644K, committed 3712K, reserved 1048576K
}
Event: 3.819 GC heap before
{Heap before GC invocations=7 (full 0):
 garbage-first heap   total 188416K, used 117479K [0x0000000084800000, 0x0000000100000000)
  region size 1024K, 110 young (112640K), 10 survivors (10240K)
 Metaspace       used 34342K, capacity 35375K, committed 35456K, reserved 1079296K
  class space    used 4319K, capacity 4731K, committed 4736K, reserved 1048576K
}
Event: 3.833 GC heap after
{Heap after GC invocations=8 (full 0):
 garbage-first heap   total 188416K, used 24131K [0x0000000084800000, 0x0000000100000000)
  region size 1024K, 14 young (14336K), 14 survivors (14336K)
 Metaspace       used 34342K, capacity 35375K, committed 35456K, reserved 1079296K
  class space    used 4319K, capacity 4731K, committed 4736K, reserved 1048576K
}
Event: 3.842 GC heap before
{Heap before GC invocations=8 (full 0):
 garbage-first heap   total 188416K, used 24131K [0x0000000084800000, 0x0000000100000000)
  region size 1024K, 15 young (15360K), 14 survivors (14336K)
 Metaspace       used 34637K, capacity 35570K, committed 35628K, reserved 1081344K
  class space    used 4344K, capacity 4732K, committed 4736K, reserved 1048576K
}
Event: 3.852 GC heap after
{Heap after GC invocations=9 (full 0):
 garbage-first heap   total 188416K, used 25776K [0x0000000084800000, 0x0000000100000000)
  region size 1024K, 2 young (2048K), 2 survivors (2048K)
 Metaspace       used 34637K, capacity 35570K, committed 35628K, reserved 1081344K
  class space    used 4344K, capacity 4732K, committed 4736K, reserved 1048576K
}
Event: 5.602 GC heap before
{Heap before GC invocations=10 (full 0):
 garbage-first heap   total 188416K, used 117936K [0x0000000084800000, 0x0000000100000000)
  region size 1024K, 92 young (94208K), 2 survivors (2048K)
 Metaspace       used 52997K, capacity 54277K, committed 54648K, reserved 1095680K
  class space    used 7078K, capacity 7546K, committed 7628K, reserved 1048576K
}
Event: 5.615 GC heap after
{Heap after GC invocations=11 (full 0):
 garbage-first heap   total 239616K, used 29145K [0x0000000084800000, 0x0000000100000000)
  region size 1024K, 6 young (6144K), 6 survivors (6144K)
 Metaspace       used 52997K, capacity 54277K, committed 54648K, reserved 1095680K
  class space    used 7078K, capacity 7546K, committed 7628K, reserved 1048576K
}

Deoptimization events (10 events):
Event: 8.665 Thread 0x00007f81d959d000 Uncommon trap: reason=unstable_if action=reinterpret pc=0x00007f81c8678f50 method=java.net.URLStreamHandler.parseURL(Ljava/net/URL;Ljava/lang/String;II)V @ 57 c2
Event: 14.157 Thread 0x00007f81d9bf0800 Uncommon trap: reason=speculate_class_check action=maybe_recompile pc=0x00007f81c87a2d40 method=java.lang.reflect.Executable.declaredAnnotations()Ljava/util/Map; @ 23 c2
Event: 14.158 Thread 0x00007f81d9bf0800 Uncommon trap: reason=speculate_class_check action=maybe_recompile pc=0x00007f81c87a2d40 method=java.lang.reflect.Executable.declaredAnnotations()Ljava/util/Map; @ 23 c2
Event: 14.161 Thread 0x00007f81d9bf0800 Uncommon trap: reason=speculate_class_check action=maybe_recompile pc=0x00007f81c87a2d40 method=java.lang.reflect.Executable.declaredAnnotations()Ljava/util/Map; @ 23 c2
Event: 14.163 Thread 0x00007f81d9bf0800 Uncommon trap: reason=speculate_class_check action=maybe_recompile pc=0x00007f81c87a2d40 method=java.lang.reflect.Executable.declaredAnnotations()Ljava/util/Map; @ 23 c2
Event: 14.185 Thread 0x00007f81d9bf0800 Uncommon trap: reason=class_check action=make_not_entrant pc=0x00007f81c87b4d04 method=java.util.ArrayList.toArray([Ljava/lang/Object;)[Ljava/lang/Object; @ 21 c2
Event: 14.442 Thread 0x00007f81d9bfc000 Uncommon trap: reason=intrinsic_or_type_checked_inlining action=make_not_entrant pc=0x00007f81c87b735c method=java.util.ArrayList.toArray([Ljava/lang/Object;)[Ljava/lang/Object; @ 36 c2
Event: 14.601 Thread 0x00007f81d9c00000 Uncommon trap: reason=bimorphic_or_optimized_type_check action=maybe_recompile pc=0x00007f81c87b340c method=java.util.concurrent.ConcurrentHashMap.putVal(Ljava/lang/Object;Ljava/lang/Object;Z)Ljava/lang/Object; @ 159 c2
Event: 14.601 Thread 0x00007f81d9c00000 Uncommon trap: reason=bimorphic_or_optimized_type_check action=maybe_recompile pc=0x00007f81c87b340c method=java.util.concurrent.ConcurrentHashMap.putVal(Ljava/lang/Object;Ljava/lang/Object;Z)Ljava/lang/Object; @ 159 c2
Event: 14.698 Thread 0x00007f81d9bf0800 Uncommon trap: reason=unstable_if action=reinterpret pc=0x00007f81c85d5d10 method=java.lang.Class.getComponentType()Ljava/lang/Class; @ 4 c2

Classes redefined (0 events):
No events

Internal exceptions (10 events):
Event: 6.170 Thread 0x00007f81d8013000 Exception <a 'java/lang/ClassNotFoundException'{0x0000000091802be0}: org/springframework/context/ApplicationContextAwareCustomizer> (0x0000000091802be0) thrown at [/build/openjdk-lts-Ll52Bi/openjdk-lts-11.0.1+13/src/hotspot/share/classfile/systemDictionar
Event: 6.171 Thread 0x00007f81d8013000 Exception <a 'java/lang/ClassNotFoundException'{0x000000009180e240}: org/springframework/beans/factory/AwareCustomizer> (0x000000009180e240) thrown at [/build/openjdk-lts-Ll52Bi/openjdk-lts-11.0.1+13/src/hotspot/share/classfile/systemDictionary.cpp, line 
Event: 6.171 Thread 0x00007f81d8013000 Exception <a 'java/lang/ClassNotFoundException'{0x0000000091819cb8}: org/springframework/web/context/ServletContextAwareCustomizer> (0x0000000091819cb8) thrown at [/build/openjdk-lts-Ll52Bi/openjdk-lts-11.0.1+13/src/hotspot/share/classfile/systemDictionar
Event: 6.172 Thread 0x00007f81d8013000 Exception <a 'java/lang/ClassNotFoundException'{0x0000000091825228}: org/springframework/beans/factory/AwareCustomizer> (0x0000000091825228) thrown at [/build/openjdk-lts-Ll52Bi/openjdk-lts-11.0.1+13/src/hotspot/share/classfile/systemDictionary.cpp, line 
Event: 6.456 Thread 0x00007f81d8013000 Exception <a 'java/lang/NoSuchMethodError'{0x00000000909fe100}: java.lang.invoke.DirectMethodHandle$Holder.invokeInterface(Ljava/lang/Object;Ljava/lang/Object;Ljava/lang/Object;Ljava/lang/Object;)Ljava/lang/Object;> (0x00000000909fe100) thrown at [/build/
Event: 6.566 Thread 0x00007f81d8013000 Exception <a 'java/lang/NoSuchMethodError'{0x000000008fd4fa78}: java.lang.invoke.DirectMethodHandle$Holder.invokeVirtual(Ljava/lang/Object;Ljava/lang/Object;I)V> (0x000000008fd4fa78) thrown at [/build/openjdk-lts-Ll52Bi/openjdk-lts-11.0.1+13/src/hotspot/s
Event: 6.730 Thread 0x00007f81d8013000 Exception <a 'java/io/FileNotFoundException'{0x000000008effc228}> (0x000000008effc228) thrown at [/build/openjdk-lts-Ll52Bi/openjdk-lts-11.0.1+13/src/hotspot/share/prims/jni.cpp, line 615]
Event: 6.730 Thread 0x00007f81d8013000 Exception <a 'java/io/FileNotFoundException'{0x000000008effcca0}> (0x000000008effcca0) thrown at [/build/openjdk-lts-Ll52Bi/openjdk-lts-11.0.1+13/src/hotspot/share/prims/jni.cpp, line 615]
Event: 7.075 Thread 0x00007f81d8013000 Exception <a 'java/lang/NoSuchMethodError'{0x000000008dbf0e78}: java.lang.invoke.DirectMethodHandle$Holder.invokeSpecial(Ljava/lang/Object;Ljava/lang/Object;)V> (0x000000008dbf0e78) thrown at [/build/openjdk-lts-Ll52Bi/openjdk-lts-11.0.1+13/src/hotspot/sh
Event: 7.076 Thread 0x00007f81d8013000 Exception <a 'java/lang/NoSuchMethodError'{0x000000008dbf6918}: java.lang.invoke.DirectMethodHandle$Holder.newInvokeSpecial(Ljava/lang/Object;I)Ljava/lang/Object;> (0x000000008dbf6918) thrown at [/build/openjdk-lts-Ll52Bi/openjdk-lts-11.0.1+13/src/hotspot

Events (10 events):
Event: 14.822 loading class springfox/documentation/swagger2/configuration/Swagger2JacksonModule$PropertyExampleSerializerMixin$PropertyExampleSerializer
Event: 14.822 loading class springfox/documentation/swagger2/configuration/Swagger2JacksonModule$PropertyExampleSerializerMixin$PropertyExampleSerializer done
Event: 14.825 loading class com/fasterxml/jackson/databind/annotation/NoClass
Event: 14.825 loading class com/fasterxml/jackson/databind/annotation/NoClass done
Event: 14.825 loading class com/fasterxml/jackson/databind/introspect/JacksonAnnotationIntrospector$1
Event: 14.825 loading class com/fasterxml/jackson/databind/introspect/JacksonAnnotationIntrospector$1 done
Event: 14.842 loading class javax/xml/bind/annotation/XmlType$DEFAULT
Event: 14.842 loading class javax/xml/bind/annotation/XmlType$DEFAULT done
Event: 14.856 loading class com/fasterxml/jackson/databind/ser/std/RawSerializer
Event: 14.856 loading class com/fasterxml/jackson/databind/ser/std/RawSerializer done


Dynamic libraries:
84800000-93000000 rw-p 00000000 00:00 0 
93000000-ffe00000 ---p 00000000 00:00 0 
ffe00000-ffe34000 rw-p 0111b000 08:02 6553603                            /usr/lib/jvm/java-11-openjdk-amd64/lib/server/classes.jsa
ffe34000-fff00000 rw-p 00000000 00:00 0 
fff00000-fff6a000 rw-p 010b1000 08:02 6553603                            /usr/lib/jvm/java-11-openjdk-amd64/lib/server/classes.jsa
fff6a000-100000000 rw-p 00000000 00:00 0 
800000000-800002000 rwxp 00001000 08:02 6553603                          /usr/lib/jvm/java-11-openjdk-amd64/lib/server/classes.jsa
800002000-8003be000 rw-p 00003000 08:02 6553603                          /usr/lib/jvm/java-11-openjdk-amd64/lib/server/classes.jsa
8003be000-800a9a000 r--p 003bf000 08:02 6553603                          /usr/lib/jvm/java-11-openjdk-amd64/lib/server/classes.jsa
800a9a000-800a9b000 rw-p 00a9b000 08:02 6553603                          /usr/lib/jvm/java-11-openjdk-amd64/lib/server/classes.jsa
800a9b000-8010b0000 r--p 00a9c000 08:02 6553603                          /usr/lib/jvm/java-11-openjdk-amd64/lib/server/classes.jsa
840000000-840913000 rw-p 00000000 00:00 0 
840913000-880000000 ---p 00000000 00:00 0 
55834cd32000-55834cd33000 r--p 00000000 08:02 5772142                    /usr/lib/jvm/java-11-openjdk-amd64/bin/java
55834cd33000-55834cd34000 r-xp 00001000 08:02 5772142                    /usr/lib/jvm/java-11-openjdk-amd64/bin/java
55834cd34000-55834cd35000 r--p 00002000 08:02 5772142                    /usr/lib/jvm/java-11-openjdk-amd64/bin/java
55834cd35000-55834cd36000 r--p 00002000 08:02 5772142                    /usr/lib/jvm/java-11-openjdk-amd64/bin/java
55834cd36000-55834cd37000 rw-p 00003000 08:02 5772142                    /usr/lib/jvm/java-11-openjdk-amd64/bin/java
55834d469000-55834d4ac000 rw-p 00000000 00:00 0                          [heap]
7f8138000000-7f8138043000 rw-p 00000000 00:00 0 
7f8138043000-7f813c000000 ---p 00000000 00:00 0 
7f8140000000-7f8140021000 rw-p 00000000 00:00 0 
7f8140021000-7f8144000000 ---p 00000000 00:00 0 
7f8144000000-7f814405e000 rw-p 00000000 00:00 0 
7f814405e000-7f8148000000 ---p 00000000 00:00 0 
7f8148000000-7f81481b4000 rw-p 00000000 00:00 0 
7f81481b4000-7f814c000000 ---p 00000000 00:00 0 
7f814c000000-7f814c021000 rw-p 00000000 00:00 0 
7f814c021000-7f8150000000 ---p 00000000 00:00 0 
7f8150000000-7f8150061000 rw-p 00000000 00:00 0 
7f8150061000-7f8154000000 ---p 00000000 00:00 0 
7f8154000000-7f8154021000 rw-p 00000000 00:00 0 
7f8154021000-7f8158000000 ---p 00000000 00:00 0 
7f8158000000-7f8158021000 rw-p 00000000 00:00 0 
7f8158021000-7f815c000000 ---p 00000000 00:00 0 
7f815c000000-7f815c021000 rw-p 00000000 00:00 0 
7f815c021000-7f8160000000 ---p 00000000 00:00 0 
7f8160000000-7f8160021000 rw-p 00000000 00:00 0 
7f8160021000-7f8164000000 ---p 00000000 00:00 0 
7f81650ef000-7f816526f000 rw-p 00000000 00:00 0 
7f816526f000-7f81652ef000 ---p 00000000 00:00 0 
7f81652ef000-7f81652f3000 ---p 00000000 00:00 0 
7f81652f3000-7f81653f0000 rw-p 00000000 00:00 0 
7f81653f0000-7f81653f4000 ---p 00000000 00:00 0 
7f81653f4000-7f81654f1000 rw-p 00000000 00:00 0 
7f81654f1000-7f81654f5000 ---p 00000000 00:00 0 
7f81654f5000-7f81655f2000 rw-p 00000000 00:00 0 
7f81655f2000-7f81655f6000 ---p 00000000 00:00 0 
7f81655f6000-7f81656f3000 rw-p 00000000 00:00 0 
7f81656f3000-7f81656f7000 ---p 00000000 00:00 0 
7f81656f7000-7f81657f4000 rw-p 00000000 00:00 0 
7f81657f4000-7f81657f8000 ---p 00000000 00:00 0 
7f81657f8000-7f81658f5000 rw-p 00000000 00:00 0 
7f81658f5000-7f81658f9000 ---p 00000000 00:00 0 
7f81658f9000-7f81659f6000 rw-p 00000000 00:00 0 
7f81659f6000-7f81659fa000 ---p 00000000 00:00 0 
7f81659fa000-7f8165af7000 rw-p 00000000 00:00 0 
7f8165af7000-7f8165afb000 ---p 00000000 00:00 0 
7f8165afb000-7f8165bf8000 rw-p 00000000 00:00 0 
7f8165bf8000-7f8165bfc000 ---p 00000000 00:00 0 
7f8165bfc000-7f8165cf9000 rw-p 00000000 00:00 0 
7f8165cf9000-7f8165cfd000 ---p 00000000 00:00 0 
7f8165cfd000-7f8165dfa000 rw-p 00000000 00:00 0 
7f8165dfa000-7f8165dfe000 ---p 00000000 00:00 0 
7f8165dfe000-7f8165efb000 rw-p 00000000 00:00 0 
7f8165efb000-7f8165eff000 ---p 00000000 00:00 0 
7f8165eff000-7f8165ffc000 rw-p 00000000 00:00 0 
7f8165ffc000-7f8166000000 ---p 00000000 00:00 0 
7f8166000000-7f81662fd000 rw-p 00000000 00:00 0 
7f81662fd000-7f81664fd000 rw-p 00000000 00:00 0 
7f81664fd000-7f81666fd000 rw-p 00000000 00:00 0 
7f81666fd000-7f81668fd000 rw-p 00000000 00:00 0 
7f81668fd000-7f8166afd000 rw-p 00000000 00:00 0 
7f8166afd000-7f8166cfd000 rw-p 00000000 00:00 0 
7f8166cfd000-7f8166efd000 rw-p 00000000 00:00 0 
7f8166efd000-7f81670fd000 rw-p 00000000 00:00 0 
7f81670fd000-7f81672fd000 rw-p 00000000 00:00 0 
7f81672fd000-7f81674fd000 rw-p 00000000 00:00 0 
7f81674fd000-7f8167501000 ---p 00000000 00:00 0 
7f8167501000-7f81677fe000 rw-p 00000000 00:00 0 
7f81677fe000-7f8167802000 ---p 00000000 00:00 0 
7f8167802000-7f8167aea000 rw-p 00000000 00:00 0 
7f8167aea000-7f8167aff000 ---p 00000000 00:00 0 
7f8167aff000-7f8167b03000 ---p 00000000 00:00 0 
7f8167b03000-7f8167e00000 rw-p 00000000 00:00 0 
7f8167e00000-7f8168000000 rw-p 00000000 00:00 0 
7f8168000000-7f8168412000 rw-p 00000000 00:00 0 
7f8168412000-7f816c000000 ---p 00000000 00:00 0 
7f816c000000-7f816c021000 rw-p 00000000 00:00 0 
7f816c021000-7f8170000000 ---p 00000000 00:00 0 
7f8170000000-7f8170021000 rw-p 00000000 00:00 0 
7f8170021000-7f8174000000 ---p 00000000 00:00 0 
7f8174000000-7f8174021000 rw-p 00000000 00:00 0 
7f8174021000-7f8178000000 ---p 00000000 00:00 0 
7f8178000000-7f8178021000 rw-p 00000000 00:00 0 
7f8178021000-7f817c000000 ---p 00000000 00:00 0 
7f817c000000-7f817da75000 rw-p 00000000 00:00 0 
7f817da75000-7f8180000000 ---p 00000000 00:00 0 
7f8180000000-7f8180021000 rw-p 00000000 00:00 0 
7f8180021000-7f8184000000 ---p 00000000 00:00 0 
7f8184000000-7f8184021000 rw-p 00000000 00:00 0 
7f8184021000-7f8188000000 ---p 00000000 00:00 0 
7f8188000000-7f818894b000 rw-p 00000000 00:00 0 
7f818894b000-7f818c000000 ---p 00000000 00:00 0 
7f818c000000-7f818c021000 rw-p 00000000 00:00 0 
7f818c021000-7f8190000000 ---p 00000000 00:00 0 
7f8190000000-7f8190021000 rw-p 00000000 00:00 0 
7f8190021000-7f8194000000 ---p 00000000 00:00 0 
7f8194000000-7f819615c000 rw-p 00000000 00:00 0 
7f819615c000-7f8198000000 ---p 00000000 00:00 0 
7f8198000000-7f8198021000 rw-p 00000000 00:00 0 
7f8198021000-7f819c000000 ---p 00000000 00:00 0 
7f819c000000-7f819c021000 rw-p 00000000 00:00 0 
7f819c021000-7f81a0000000 ---p 00000000 00:00 0 
7f81a0000000-7f81a0021000 rw-p 00000000 00:00 0 
7f81a0021000-7f81a4000000 ---p 00000000 00:00 0 
7f81a4000000-7f81a40f7000 rw-p 00000000 00:00 0 
7f81a40f7000-7f81a8000000 ---p 00000000 00:00 0 
7f81a8000000-7f81a8021000 rw-p 00000000 00:00 0 
7f81a8021000-7f81ac000000 ---p 00000000 00:00 0 
7f81ac000000-7f81ac022000 rw-p 00000000 00:00 0 
7f81ac022000-7f81b0000000 ---p 00000000 00:00 0 
7f81b0088000-7f81b0288000 rw-p 00000000 00:00 0 
7f81b028f000-7f81b0293000 ---p 00000000 00:00 0 
7f81b0293000-7f81b0590000 rw-p 00000000 00:00 0 
7f81b0590000-7f81b0790000 rw-p 00000000 00:00 0 
7f81b0790000-7f81b0990000 rw-p 00000000 00:00 0 
7f81b0990000-7f81b0b90000 rw-p 00000000 00:00 0 
7f81b0b90000-7f81b0d90000 rw-p 00000000 00:00 0 
7f81b0d90000-7f81b0f90000 rw-p 00000000 00:00 0 
7f81b0f90000-7f81b1190000 rw-p 00000000 00:00 0 
7f81b1225000-7f81b2000000 r--p 00000000 08:02 5511786                    /usr/lib/locale/locale-archive
7f81b2000000-7f81b4000000 rw-p 00000000 00:00 0 
7f81b4000000-7f81b4021000 rw-p 00000000 00:00 0 
7f81b4021000-7f81b8000000 ---p 00000000 00:00 0 
7f81b8040000-7f81b85e0000 rw-p 00000000 00:00 0 
7f81b85e0000-7f81ba118000 ---p 00000000 00:00 0 
7f81ba118000-7f81ba4c0000 rw-p 00000000 00:00 0 
7f81ba4c0000-7f81bbff8000 ---p 00000000 00:00 0 
7f81bbff8000-7f81bc000000 rw-p 00000000 00:00 0 
7f81bc000000-7f81bc021000 rw-p 00000000 00:00 0 
7f81bc021000-7f81c0000000 ---p 00000000 00:00 0 
7f81c007e000-7f81c007f000 ---p 00000000 00:00 0 
7f81c007f000-7f81c0180000 rw-p 00000000 00:00 0 
7f81c0180000-7f81c0184000 ---p 00000000 00:00 0 
7f81c0184000-7f81c0281000 rw-p 00000000 00:00 0 
7f81c0281000-7f81c0282000 ---p 00000000 00:00 0 
7f81c0282000-7f81c0383000 rw-p 00000000 00:00 0 
7f81c0383000-7f81c0384000 ---p 00000000 00:00 0 
7f81c0384000-7f81c0485000 rw-p 00000000 00:00 0 
7f81c0485000-7f81c0489000 ---p 00000000 00:00 0 
7f81c0489000-7f81c0586000 rw-p 00000000 00:00 0 
7f81c0586000-7f81c058a000 ---p 00000000 00:00 0 
7f81c058a000-7f81c0687000 rw-p 00000000 00:00 0 
7f81c0687000-7f81c0688000 ---p 00000000 00:00 0 
7f81c0688000-7f81c0789000 rw-p 00000000 00:00 0 
7f81c0789000-7f81c078d000 ---p 00000000 00:00 0 
7f81c078d000-7f81c088a000 rw-p 00000000 00:00 0 
7f81c088a000-7f81c088e000 ---p 00000000 00:00 0 
7f81c088e000-7f81c098b000 rw-p 00000000 00:00 0 
7f81c098b000-7f81c0bfb000 rwxp 00000000 00:00 0 
7f81c0bfb000-7f81c0f1b000 ---p 00000000 00:00 0 
7f81c0f1b000-7f81c1dbb000 rwxp 00000000 00:00 0 
7f81c1dbb000-7f81c8453000 ---p 00000000 00:00 0 
7f81c8453000-7f81c8813000 rwxp 00000000 00:00 0 
7f81c8813000-7f81cf98b000 ---p 00000000 00:00 0 
7f81cf98b000-7f81d8000000 r--s 00000000 08:02 6560511                    /usr/lib/jvm/java-11-openjdk-amd64/lib/modules
7f81d8000000-7f81d9c17000 rw-p 00000000 00:00 0 
7f81d9c17000-7f81dc000000 ---p 00000000 00:00 0 
7f81dc070000-7f81dc071000 r--p 00000000 08:02 6560482                    /usr/lib/jvm/java-11-openjdk-amd64/lib/libextnet.so
7f81dc071000-7f81dc072000 r-xp 00001000 08:02 6560482                    /usr/lib/jvm/java-11-openjdk-amd64/lib/libextnet.so
7f81dc072000-7f81dc073000 r--p 00002000 08:02 6560482                    /usr/lib/jvm/java-11-openjdk-amd64/lib/libextnet.so
7f81dc073000-7f81dc074000 r--p 00002000 08:02 6560482                    /usr/lib/jvm/java-11-openjdk-amd64/lib/libextnet.so
7f81dc074000-7f81dc075000 rw-p 00003000 08:02 6560482                    /usr/lib/jvm/java-11-openjdk-amd64/lib/libextnet.so
7f81dc075000-7f81dc077000 r--p 00000000 08:02 6560499                    /usr/lib/jvm/java-11-openjdk-amd64/lib/libmanagement_ext.so
7f81dc077000-7f81dc079000 r-xp 00002000 08:02 6560499                    /usr/lib/jvm/java-11-openjdk-amd64/lib/libmanagement_ext.so
7f81dc079000-7f81dc07a000 r--p 00004000 08:02 6560499                    /usr/lib/jvm/java-11-openjdk-amd64/lib/libmanagement_ext.so
7f81dc07a000-7f81dc07b000 ---p 00005000 08:02 6560499                    /usr/lib/jvm/java-11-openjdk-amd64/lib/libmanagement_ext.so
7f81dc07b000-7f81dc07c000 r--p 00005000 08:02 6560499                    /usr/lib/jvm/java-11-openjdk-amd64/lib/libmanagement_ext.so
7f81dc07c000-7f81dc07d000 rw-p 00006000 08:02 6560499                    /usr/lib/jvm/java-11-openjdk-amd64/lib/libmanagement_ext.so
7f81dc07d000-7f81dc080000 r--p 00000000 08:02 6560497                    /usr/lib/jvm/java-11-openjdk-amd64/lib/libmanagement.so
7f81dc080000-7f81dc081000 r-xp 00003000 08:02 6560497                    /usr/lib/jvm/java-11-openjdk-amd64/lib/libmanagement.so
7f81dc081000-7f81dc082000 r--p 00004000 08:02 6560497                    /usr/lib/jvm/java-11-openjdk-amd64/lib/libmanagement.so
7f81dc082000-7f81dc083000 r--p 00004000 08:02 6560497                    /usr/lib/jvm/java-11-openjdk-amd64/lib/libmanagement.so
7f81dc083000-7f81dc084000 rw-p 00005000 08:02 6560497                    /usr/lib/jvm/java-11-openjdk-amd64/lib/libmanagement.so
7f81dc084000-7f81dc0b5000 rw-p 00000000 00:00 0 
7f81dc0b5000-7f81dc0b9000 r--p 00000000 08:02 6560501                    /usr/lib/jvm/java-11-openjdk-amd64/lib/libnet.so
7f81dc0b9000-7f81dc0c8000 r-xp 00004000 08:02 6560501                    /usr/lib/jvm/java-11-openjdk-amd64/lib/libnet.so
7f81dc0c8000-7f81dc0cc000 r--p 00013000 08:02 6560501                    /usr/lib/jvm/java-11-openjdk-amd64/lib/libnet.so
7f81dc0cc000-7f81dc0cd000 r--p 00016000 08:02 6560501                    /usr/lib/jvm/java-11-openjdk-amd64/lib/libnet.so
7f81dc0cd000-7f81dc0ce000 rw-p 00017000 08:02 6560501                    /usr/lib/jvm/java-11-openjdk-amd64/lib/libnet.so
7f81dc0ce000-7f81dc0d5000 r--p 00000000 08:02 6560502                    /usr/lib/jvm/java-11-openjdk-amd64/lib/libnio.so
7f81dc0d5000-7f81dc0dc000 r-xp 00007000 08:02 6560502                    /usr/lib/jvm/java-11-openjdk-amd64/lib/libnio.so
7f81dc0dc000-7f81dc0df000 r--p 0000e000 08:02 6560502                    /usr/lib/jvm/java-11-openjdk-amd64/lib/libnio.so
7f81dc0df000-7f81dc0e0000 r--p 00010000 08:02 6560502                    /usr/lib/jvm/java-11-openjdk-amd64/lib/libnio.so
7f81dc0e0000-7f81dc0e1000 rw-p 00011000 08:02 6560502                    /usr/lib/jvm/java-11-openjdk-amd64/lib/libnio.so
7f81dc0e1000-7f81dc0e5000 ---p 00000000 00:00 0 
7f81dc0e5000-7f81dc1e2000 rw-p 00000000 00:00 0 
7f81dc1e2000-7f81dc1e6000 ---p 00000000 00:00 0 
7f81dc1e6000-7f81dc2e3000 rw-p 00000000 00:00 0 
7f81dc2e3000-7f81dc2e7000 ---p 00000000 00:00 0 
7f81dc2e7000-7f81dc3e4000 rw-p 00000000 00:00 0 
7f81dc3e4000-7f81dc3e8000 ---p 00000000 00:00 0 
7f81dc3e8000-7f81dc4e5000 rw-p 00000000 00:00 0 
7f81dc4e5000-7f81dc4e9000 ---p 00000000 00:00 0 
7f81dc4e9000-7f81dc5e6000 rw-p 00000000 00:00 0 
7f81dc5e6000-7f81dc5e7000 ---p 00000000 00:00 0 
7f81dc5e7000-7f81dcfec000 rw-p 00000000 00:00 0 
7f81dcfec000-7f81dd02e000 rw-p 00000000 00:00 0 
7f81dd02e000-7f81dd02f000 ---p 00000000 00:00 0 
7f81dd02f000-7f81dd130000 rw-p 00000000 00:00 0 
7f81dd130000-7f81dd131000 ---p 00000000 00:00 0 
7f81dd131000-7f81dd636000 rw-p 00000000 00:00 0 
7f81dd636000-7f81dd637000 ---p 00000000 00:00 0 
7f81dd637000-7f81dd738000 rw-p 00000000 00:00 0 
7f81dd738000-7f81dd739000 ---p 00000000 00:00 0 
7f81dd739000-7f81dd8f0000 rw-p 00000000 00:00 0 
7f81dd8f0000-7f81ddc57000 ---p 00000000 00:00 0 
7f81ddc57000-7f81ddccc000 rw-p 00000000 00:00 0 
7f81ddccc000-7f81de033000 ---p 00000000 00:00 0 
7f81de033000-7f81de0a8000 rw-p 00000000 00:00 0 
7f81de0a8000-7f81de40f000 ---p 00000000 00:00 0 
7f81de40f000-7f81de814000 rw-p 00000000 00:00 0 
7f81de814000-7f81de815000 ---p 00000000 00:00 0 
7f81de815000-7f81de91e000 rw-p 00000000 00:00 0 
7f81de91e000-7f81dea01000 ---p 00000000 00:00 0 
7f81dea01000-7f81dea1f000 rw-p 00000000 00:00 0 
7f81dea1f000-7f81deaec000 ---p 00000000 00:00 0 
7f81deaec000-7f81deaf1000 rw-p 00000000 00:00 0 
7f81deaf1000-7f81deaf8000 ---p 00000000 00:00 0 
7f81deaf8000-7f81deafa000 r--p 00000000 08:02 6560493                    /usr/lib/jvm/java-11-openjdk-amd64/lib/libjimage.so
7f81deafa000-7f81deafd000 r-xp 00002000 08:02 6560493                    /usr/lib/jvm/java-11-openjdk-amd64/lib/libjimage.so
7f81deafd000-7f81deaff000 r--p 00005000 08:02 6560493                    /usr/lib/jvm/java-11-openjdk-amd64/lib/libjimage.so
7f81deaff000-7f81deb00000 r--p 00006000 08:02 6560493                    /usr/lib/jvm/java-11-openjdk-amd64/lib/libjimage.so
7f81deb00000-7f81deb01000 rw-p 00007000 08:02 6560493                    /usr/lib/jvm/java-11-openjdk-amd64/lib/libjimage.so
7f81deb01000-7f81deb04000 r--p 00000000 08:02 3806101                    /lib/x86_64-linux-gnu/libnss_files-2.28.so
7f81deb04000-7f81deb0b000 r-xp 00003000 08:02 3806101                    /lib/x86_64-linux-gnu/libnss_files-2.28.so
7f81deb0b000-7f81deb0e000 r--p 0000a000 08:02 3806101                    /lib/x86_64-linux-gnu/libnss_files-2.28.so
7f81deb0e000-7f81deb0f000 r--p 0000c000 08:02 3806101                    /lib/x86_64-linux-gnu/libnss_files-2.28.so
7f81deb0f000-7f81deb10000 rw-p 0000d000 08:02 3806101                    /lib/x86_64-linux-gnu/libnss_files-2.28.so
7f81deb10000-7f81deb16000 rw-p 00000000 00:00 0 
7f81deb19000-7f81deb1b000 r--p 00000000 08:02 6560510                    /usr/lib/jvm/java-11-openjdk-amd64/lib/libzip.so
7f81deb1b000-7f81deb1f000 r-xp 00002000 08:02 6560510                    /usr/lib/jvm/java-11-openjdk-amd64/lib/libzip.so
7f81deb1f000-7f81deb21000 r--p 00006000 08:02 6560510                    /usr/lib/jvm/java-11-openjdk-amd64/lib/libzip.so
7f81deb21000-7f81deb22000 r--p 00007000 08:02 6560510                    /usr/lib/jvm/java-11-openjdk-amd64/lib/libzip.so
7f81deb22000-7f81deb23000 rw-p 00008000 08:02 6560510                    /usr/lib/jvm/java-11-openjdk-amd64/lib/libzip.so
7f81deb23000-7f81deb2b000 rw-s 00000000 08:02 16521347                   /tmp/hsperfdata_admin1/5822
7f81deb2b000-7f81deb38000 r--p 00000000 08:02 6560489                    /usr/lib/jvm/java-11-openjdk-amd64/lib/libjava.so
7f81deb38000-7f81deb4f000 r-xp 0000d000 08:02 6560489                    /usr/lib/jvm/java-11-openjdk-amd64/lib/libjava.so
7f81deb4f000-7f81deb56000 r--p 00024000 08:02 6560489                    /usr/lib/jvm/java-11-openjdk-amd64/lib/libjava.so
7f81deb56000-7f81deb57000 r--p 0002a000 08:02 6560489                    /usr/lib/jvm/java-11-openjdk-amd64/lib/libjava.so
7f81deb57000-7f81deb59000 rw-p 0002b000 08:02 6560489                    /usr/lib/jvm/java-11-openjdk-amd64/lib/libjava.so
7f81deb59000-7f81deb5b000 r--p 00000000 08:02 3806151                    /lib/x86_64-linux-gnu/librt-2.28.so
7f81deb5b000-7f81deb5f000 r-xp 00002000 08:02 3806151                    /lib/x86_64-linux-gnu/librt-2.28.so
7f81deb5f000-7f81deb61000 r--p 00006000 08:02 3806151                    /lib/x86_64-linux-gnu/librt-2.28.so
7f81deb61000-7f81deb62000 r--p 00007000 08:02 3806151                    /lib/x86_64-linux-gnu/librt-2.28.so
7f81deb62000-7f81deb63000 rw-p 00008000 08:02 3806151                    /lib/x86_64-linux-gnu/librt-2.28.so
7f81deb63000-7f81deb67000 ---p 00000000 00:00 0 
7f81deb67000-7f81dec64000 rw-p 00000000 00:00 0 
7f81dec64000-7f81dec67000 r--p 00000000 08:02 3806048                    /lib/x86_64-linux-gnu/libgcc_s.so.1
7f81dec67000-7f81dec78000 r-xp 00003000 08:02 3806048                    /lib/x86_64-linux-gnu/libgcc_s.so.1
7f81dec78000-7f81dec7b000 r--p 00014000 08:02 3806048                    /lib/x86_64-linux-gnu/libgcc_s.so.1
7f81dec7b000-7f81dec7c000 ---p 00017000 08:02 3806048                    /lib/x86_64-linux-gnu/libgcc_s.so.1
7f81dec7c000-7f81dec7d000 r--p 00017000 08:02 3806048                    /lib/x86_64-linux-gnu/libgcc_s.so.1
7f81dec7d000-7f81dec7e000 rw-p 00018000 08:02 3806048                    /lib/x86_64-linux-gnu/libgcc_s.so.1
7f81dec7e000-7f81dec8b000 r--p 00000000 08:02 3806074                    /lib/x86_64-linux-gnu/libm-2.28.so
7f81dec8b000-7f81ded36000 r-xp 0000d000 08:02 3806074                    /lib/x86_64-linux-gnu/libm-2.28.so
7f81ded36000-7f81dee09000 r--p 000b8000 08:02 3806074                    /lib/x86_64-linux-gnu/libm-2.28.so
7f81dee09000-7f81dee0a000 r--p 0018a000 08:02 3806074                    /lib/x86_64-linux-gnu/libm-2.28.so
7f81dee0a000-7f81dee0b000 rw-p 0018b000 08:02 3806074                    /lib/x86_64-linux-gnu/libm-2.28.so
7f81dee0b000-7f81dee94000 r--p 00000000 08:02 5513637                    /usr/lib/x86_64-linux-gnu/libstdc++.so.6.0.25
7f81dee94000-7f81def47000 r-xp 00089000 08:02 5513637                    /usr/lib/x86_64-linux-gnu/libstdc++.so.6.0.25
7f81def47000-7f81def85000 r--p 0013c000 08:02 5513637                    /usr/lib/x86_64-linux-gnu/libstdc++.so.6.0.25
7f81def85000-7f81def8f000 r--p 00179000 08:02 5513637                    /usr/lib/x86_64-linux-gnu/libstdc++.so.6.0.25
7f81def8f000-7f81def91000 rw-p 00183000 08:02 5513637                    /usr/lib/x86_64-linux-gnu/libstdc++.so.6.0.25
7f81def91000-7f81def95000 rw-p 00000000 00:00 0 
7f81def95000-7f81df222000 r--p 00000000 08:02 6560514                    /usr/lib/jvm/java-11-openjdk-amd64/lib/server/libjvm.so
7f81df222000-7f81dfd63000 r-xp 0028d000 08:02 6560514                    /usr/lib/jvm/java-11-openjdk-amd64/lib/server/libjvm.so
7f81dfd63000-7f81dffaa000 r--p 00dce000 08:02 6560514                    /usr/lib/jvm/java-11-openjdk-amd64/lib/server/libjvm.so
7f81dffaa000-7f81e0072000 r--p 01014000 08:02 6560514                    /usr/lib/jvm/java-11-openjdk-amd64/lib/server/libjvm.so
7f81e0072000-7f81e00ac000 rw-p 010dc000 08:02 6560514                    /usr/lib/jvm/java-11-openjdk-amd64/lib/server/libjvm.so
7f81e00ac000-7f81e0103000 rw-p 00000000 00:00 0 
7f81e0103000-7f81e0109000 r--p 00000000 08:02 3806143                    /lib/x86_64-linux-gnu/libpthread-2.28.so
7f81e0109000-7f81e0118000 r-xp 00006000 08:02 3806143                    /lib/x86_64-linux-gnu/libpthread-2.28.so
7f81e0118000-7f81e011e000 r--p 00015000 08:02 3806143                    /lib/x86_64-linux-gnu/libpthread-2.28.so
7f81e011e000-7f81e011f000 r--p 0001a000 08:02 3806143                    /lib/x86_64-linux-gnu/libpthread-2.28.so
7f81e011f000-7f81e0120000 rw-p 0001b000 08:02 3806143                    /lib/x86_64-linux-gnu/libpthread-2.28.so
7f81e0120000-7f81e0124000 rw-p 00000000 00:00 0 
7f81e0124000-7f81e0125000 r--p 00000000 08:02 3806034                    /lib/x86_64-linux-gnu/libdl-2.28.so
7f81e0125000-7f81e0127000 r-xp 00001000 08:02 3806034                    /lib/x86_64-linux-gnu/libdl-2.28.so
7f81e0127000-7f81e0128000 r--p 00003000 08:02 3806034                    /lib/x86_64-linux-gnu/libdl-2.28.so
7f81e0128000-7f81e0129000 r--p 00003000 08:02 3806034                    /lib/x86_64-linux-gnu/libdl-2.28.so
7f81e0129000-7f81e012a000 rw-p 00004000 08:02 3806034                    /lib/x86_64-linux-gnu/libdl-2.28.so
7f81e012a000-7f81e0146000 r-xp 00000000 08:02 3806182                    /lib/x86_64-linux-gnu/libz.so.1.2.11
7f81e0146000-7f81e0345000 ---p 0001c000 08:02 3806182                    /lib/x86_64-linux-gnu/libz.so.1.2.11
7f81e0345000-7f81e0346000 r--p 0001b000 08:02 3806182                    /lib/x86_64-linux-gnu/libz.so.1.2.11
7f81e0346000-7f81e0347000 rw-p 0001c000 08:02 3806182                    /lib/x86_64-linux-gnu/libz.so.1.2.11
7f81e0347000-7f81e0369000 r--p 00000000 08:02 3806013                    /lib/x86_64-linux-gnu/libc-2.28.so
7f81e0369000-7f81e04da000 r-xp 00022000 08:02 3806013                    /lib/x86_64-linux-gnu/libc-2.28.so
7f81e04da000-7f81e0526000 r--p 00193000 08:02 3806013                    /lib/x86_64-linux-gnu/libc-2.28.so
7f81e0526000-7f81e0527000 ---p 001df000 08:02 3806013                    /lib/x86_64-linux-gnu/libc-2.28.so
7f81e0527000-7f81e052b000 r--p 001df000 08:02 3806013                    /lib/x86_64-linux-gnu/libc-2.28.so
7f81e052b000-7f81e052d000 rw-p 001e3000 08:02 3806013                    /lib/x86_64-linux-gnu/libc-2.28.so
7f81e052d000-7f81e0531000 rw-p 00000000 00:00 0 
7f81e0533000-7f81e0534000 ---p 00000000 00:00 0 
7f81e0534000-7f81e0535000 r--p 00000000 00:00 0 
7f81e0535000-7f81e053a000 r--p 00000000 08:02 6560509                    /usr/lib/jvm/java-11-openjdk-amd64/lib/libverify.so
7f81e053a000-7f81e0541000 r-xp 00005000 08:02 6560509                    /usr/lib/jvm/java-11-openjdk-amd64/lib/libverify.so
7f81e0541000-7f81e0543000 r--p 0000c000 08:02 6560509                    /usr/lib/jvm/java-11-openjdk-amd64/lib/libverify.so
7f81e0543000-7f81e0545000 r--p 0000d000 08:02 6560509                    /usr/lib/jvm/java-11-openjdk-amd64/lib/libverify.so
7f81e0545000-7f81e0546000 rw-p 0000f000 08:02 6560509                    /usr/lib/jvm/java-11-openjdk-amd64/lib/libverify.so
7f81e0546000-7f81e0549000 r--p 00000000 08:02 6560474                    /usr/lib/jvm/java-11-openjdk-amd64/lib/jli/libjli.so
7f81e0549000-7f81e0553000 r-xp 00003000 08:02 6560474                    /usr/lib/jvm/java-11-openjdk-amd64/lib/jli/libjli.so
7f81e0553000-7f81e0556000 r--p 0000d000 08:02 6560474                    /usr/lib/jvm/java-11-openjdk-amd64/lib/jli/libjli.so
7f81e0556000-7f81e0557000 r--p 0000f000 08:02 6560474                    /usr/lib/jvm/java-11-openjdk-amd64/lib/jli/libjli.so
7f81e0557000-7f81e0558000 rw-p 00010000 08:02 6560474                    /usr/lib/jvm/java-11-openjdk-amd64/lib/jli/libjli.so
7f81e0558000-7f81e055a000 rw-p 00000000 00:00 0 
7f81e055a000-7f81e055b000 r--p 00000000 08:02 3805987                    /lib/x86_64-linux-gnu/ld-2.28.so
7f81e055b000-7f81e057b000 r-xp 00001000 08:02 3805987                    /lib/x86_64-linux-gnu/ld-2.28.so
7f81e057b000-7f81e0583000 r--p 00021000 08:02 3805987                    /lib/x86_64-linux-gnu/ld-2.28.so
7f81e0583000-7f81e0584000 r--p 00028000 08:02 3805987                    /lib/x86_64-linux-gnu/ld-2.28.so
7f81e0584000-7f81e0585000 rw-p 00029000 08:02 3805987                    /lib/x86_64-linux-gnu/ld-2.28.so
7f81e0585000-7f81e0586000 rw-p 00000000 00:00 0 
7ffd366fb000-7ffd3671e000 rw-p 00000000 00:00 0                          [stack]
7ffd36746000-7ffd36749000 r--p 00000000 00:00 0                          [vvar]
7ffd36749000-7ffd3674b000 r-xp 00000000 00:00 0                          [vdso]
ffffffffff600000-ffffffffff601000 r-xp 00000000 00:00 0                  [vsyscall]


VM Arguments:
jvm_args: -Dfile.encoding=UTF-8 
java_command: com.bridgelabz.fundoo.FundDooApiDataApplication
java_class_path (initial): /home/admin1/Documents/workspace-sts-3.9.7.RELEASE/FundDooAPIData/target/classes:/home/admin1/.m2/repository/org/springframework/boot/spring-boot-starter-data-jpa/2.1.2.RELEASE/spring-boot-starter-data-jpa-2.1.2.RELEASE.jar:/home/admin1/.m2/repository/org/springframework/boot/spring-boot-starter-aop/2.1.2.RELEASE/spring-boot-starter-aop-2.1.2.RELEASE.jar:/home/admin1/.m2/repository/org/aspectj/aspectjweaver/1.9.2/aspectjweaver-1.9.2.jar:/home/admin1/.m2/repository/org/springframework/boot/spring-boot-starter-jdbc/2.1.2.RELEASE/spring-boot-starter-jdbc-2.1.2.RELEASE.jar:/home/admin1/.m2/repository/com/zaxxer/HikariCP/3.2.0/HikariCP-3.2.0.jar:/home/admin1/.m2/repository/org/springframework/spring-jdbc/5.1.4.RELEASE/spring-jdbc-5.1.4.RELEASE.jar:/home/admin1/.m2/repository/javax/transaction/javax.transaction-api/1.3/javax.transaction-api-1.3.jar:/home/admin1/.m2/repository/javax/xml/bind/jaxb-api/2.3.1/jaxb-api-2.3.1.jar:/home/admin1/.m2/repository/javax/activation/javax.activation-api/1.2.0/javax.activation-api-1.2.0.jar:/home/admin1/.m2/repository/org/hibernate/hibernate-core/5.3.7.Final/hibernate-core-5.3.7.Final.jar:/home/admin1/.m2/repository/org/jboss/logging/jboss-logging/3.3.2.Final/jboss-logging-3.3.2.Final.jar:/home/admin1/.m2/repository/javax/persistence/javax.persistence-api/2.2/javax.persistence-api-2.2.jar:/home/admin1/.m2/repository/org/javassist/javassist/3.23.1-GA/javassist-3.23.1-GA.jar:/home/admin1/.m2/repository/net/bytebuddy/byte-buddy/1.9.7/byte-buddy-1.9.7.jar:/home/admin1/.m2/repository/antlr/antlr/2.7.7/antlr-2.7.7.jar:/home/admin1/.m2/repository/org/jboss/jandex/2.0.5.Final/jandex-2.0.5.Final.jar:/home/admin1/.m2/repository/org/dom4j/dom4j/2.1.1/dom4j-2.1.1.jar:/home/admin1/.m2/repository/org/hibernate/common/hibernate-commons-annotations/5.0.4.Final/hibernate-commons-annotations-5.0.4.Final.jar:/home/admin1/.m2/repository/org/springframework/data/spring-data-jpa/2.1.4.RELEASE/spring-data-jpa-2.1.4.RELEASE.jar:/hom
Launcher Type: SUN_STANDARD

[Global flags]
     intx CICompilerCount                          = 3                                         {product} {ergonomic}
     uint ConcGCThreads                            = 1                                         {product} {ergonomic}
     uint G1ConcRefinementThreads                  = 4                                         {product} {ergonomic}
   size_t G1HeapRegionSize                         = 1048576                                   {product} {ergonomic}
    uintx GCDrainStackTargetSize                   = 64                                        {product} {ergonomic}
   size_t InitialHeapSize                          = 130023424                                 {product} {ergonomic}
   size_t MarkStackSize                            = 4194304                                   {product} {ergonomic}
   size_t MaxHeapSize                              = 2071986176                                {product} {ergonomic}
   size_t MaxNewSize                               = 1242562560                                {product} {ergonomic}
   size_t MinHeapDeltaBytes                        = 1048576                                   {product} {ergonomic}
    uintx NonNMethodCodeHeapSize                   = 5830092                                {pd product} {ergonomic}
    uintx NonProfiledCodeHeapSize                  = 122914074                              {pd product} {ergonomic}
    uintx ProfiledCodeHeapSize                     = 122914074                              {pd product} {ergonomic}
    uintx ReservedCodeCacheSize                    = 251658240                              {pd product} {ergonomic}
     bool SegmentedCodeCache                       = true                                      {product} {ergonomic}
     bool UseCompressedClassPointers               = true                                 {lp64_product} {ergonomic}
     bool UseCompressedOops                        = true                                 {lp64_product} {ergonomic}
     bool UseG1GC                                  = true                                      {product} {ergonomic}

Logging:
Log output configuration:
 #0: stdout all=warning uptime,level,tags
 #1: stderr all=off uptime,level,tags

Environment Variables:
PATH=/usr/local/sbin:/usr/local/bin:/usr/sbin:/usr/bin:/sbin:/bin:/usr/games:/usr/local/games:/snap/bin
USERNAME=admin1
SHELL=/bin/bash
DISPLAY=:0

Signal Handlers:
SIGSEGV: [libjvm.so+0xd54b00], sa_mask[0]=11111111011111111101111111111110, sa_flags=SA_RESTART|SA_SIGINFO
SIGBUS: [libjvm.so+0xd54b00], sa_mask[0]=11111111011111111101111111111110, sa_flags=SA_RESTART|SA_SIGINFO
SIGFPE: [libjvm.so+0xd54b00], sa_mask[0]=11111111011111111101111111111110, sa_flags=SA_RESTART|SA_SIGINFO
SIGPIPE: [libjvm.so+0xb5cc10], sa_mask[0]=11111111011111111101111111111110, sa_flags=SA_RESTART|SA_SIGINFO
SIGXFSZ: [libjvm.so+0xb5cc10], sa_mask[0]=11111111011111111101111111111110, sa_flags=SA_RESTART|SA_SIGINFO
SIGILL: [libjvm.so+0xd54b00], sa_mask[0]=11111111011111111101111111111110, sa_flags=SA_RESTART|SA_SIGINFO
SIGUSR2: [libjvm.so+0xb5caa0], sa_mask[0]=00100000000000000000000000000000, sa_flags=SA_RESTART|SA_SIGINFO
SIGHUP: [libjvm.so+0xb5d010], sa_mask[0]=11111111011111111101111111111110, sa_flags=SA_RESTART|SA_SIGINFO
SIGINT: [libjvm.so+0xb5d010], sa_mask[0]=11111111011111111101111111111110, sa_flags=SA_RESTART|SA_SIGINFO
SIGTERM: [libjvm.so+0xb5d010], sa_mask[0]=11111111011111111101111111111110, sa_flags=SA_RESTART|SA_SIGINFO
SIGQUIT: [libjvm.so+0xb5d010], sa_mask[0]=11111111011111111101111111111110, sa_flags=SA_RESTART|SA_SIGINFO


---------------  S Y S T E M  ---------------

OS:DISTRIB_ID=Ubuntu
DISTRIB_RELEASE=18.10
DISTRIB_CODENAME=cosmic
DISTRIB_DESCRIPTION="Ubuntu 18.10"
uname:Linux 4.18.0-15-generic #16-Ubuntu SMP Thu Feb 7 10:56:39 UTC 2019 x86_64
libc:glibc 2.28 NPTL 2.28 
rlimit: STACK 8192k, CORE 0k, NPROC 30690, NOFILE 4096, AS infinity, DATA infinity, FSIZE infinity
load average:2.83 2.71 2.64

/proc/meminfo:
MemTotal:        8090524 kB
MemFree:          304784 kB
MemAvailable:    2429072 kB
Buffers:          323124 kB
Cached:          2121020 kB
SwapCached:            0 kB
Active:          5717584 kB
Inactive:        1598428 kB
Active(anon):    4753588 kB
Inactive(anon):   357780 kB
Active(file):     963996 kB
Inactive(file):  1240648 kB
Unevictable:          56 kB
Mlocked:              56 kB
SwapTotal:       2097148 kB
SwapFree:        2097148 kB
Dirty:              1436 kB
Writeback:             0 kB
AnonPages:       4871784 kB
Mapped:           874632 kB
Shmem:            359444 kB
Slab:             325600 kB
SReclaimable:     220800 kB
SUnreclaim:       104800 kB
KernelStack:       18320 kB
PageTables:        53332 kB
NFS_Unstable:          0 kB
Bounce:                0 kB
WritebackTmp:          0 kB
CommitLimit:     6142408 kB
Committed_AS:   11987104 kB
VmallocTotal:   34359738367 kB
VmallocUsed:           0 kB
VmallocChunk:          0 kB
HardwareCorrupted:     0 kB
AnonHugePages:         0 kB
ShmemHugePages:        0 kB
ShmemPmdMapped:        0 kB
CmaTotal:              0 kB
CmaFree:               0 kB
HugePages_Total:       0
HugePages_Free:        0
HugePages_Rsvd:        0
HugePages_Surp:        0
Hugepagesize:       2048 kB
Hugetlb:               0 kB
DirectMap4k:      224148 kB
DirectMap2M:     8087552 kB
DirectMap1G:     1048576 kB


/proc/sys/kernel/threads-max (system-wide limit on the number of threads):
61381


/proc/sys/vm/max_map_count (maximum number of memory map areas a process may have):
65530


/proc/sys/kernel/pid_max (system-wide limit on number of process identifiers):
32768


container (cgroup) information:
container_type: cgroupv1
cpu_cpuset_cpus: 0-3
cpu_memory_nodes: 0
active_processor_count: 4
cpu_quota: -1
cpu_period: 100000
cpu_shares: -1
memory_limit_in_bytes: -1
memory_and_swap_limit_in_bytes: -2
memory_soft_limit_in_bytes: -1
memory_usage_in_bytes: 1823703040
memory_max_usage_in_bytes: 1823703040


CPU:total 4 (initial active 4) (4 cores per cpu, 1 threads per core) family 6 model 60 stepping 3, cmov, cx8, fxsr, mmx, sse, sse2, sse3, ssse3, sse4.1, sse4.2, popcnt, avx, avx2, aes, clmul, erms, lzcnt, tsc, tscinvbit, bmi1, bmi2, fma
CPU Model and flags from /proc/cpuinfo:
model name	: Intel(R) Core(TM) i5-4590 CPU @ 3.30GHz
flags		: fpu vme de pse tsc msr pae mce cx8 apic sep mtrr pge mca cmov pat pse36 clflush dts acpi mmx fxsr sse sse2 ss ht tm pbe syscall nx pdpe1gb rdtscp lm constant_tsc arch_perfmon pebs bts rep_good nopl xtopology nonstop_tsc cpuid aperfmperf pni pclmulqdq dtes64 monitor ds_cpl vmx smx est tm2 ssse3 sdbg fma cx16 xtpr pdcm pcid sse4_1 sse4_2 x2apic movbe popcnt tsc_deadline_timer aes xsave avx f16c rdrand lahf_lm abm cpuid_fault epb invpcid_single pti ssbd ibrs ibpb stibp tpr_shadow vnmi flexpriority ept vpid fsgsbase tsc_adjust bmi1 avx2 smep bmi2 erms invpcid xsaveopt dtherm ida arat pln pts flush_l1d

Memory: 4k page, physical 8090524k(304784k free), swap 2097148k(2097148k free)

vm_info: OpenJDK 64-Bit Server VM (11.0.1+13-Ubuntu-3ubuntu3.18.10.1) for linux-amd64 JRE (11.0.1+13-Ubuntu-3ubuntu3.18.10.1), built on Jan 14 2019 04:14:40 by "buildd" with gcc 8.2.0

END.
